filename,param_count,run,compilation_time,max_memory_kb,job_id,node
0-param.sac,0,1,.406533568,38944,7583226,cn132
0-param.sac,0,2,.310511475,/home/rhensen/param-bench/a.out.c:873:1: error: null character(s) ignored [-Werror]
/home/rhensen/param-bench/a.out.c:873: error: unknown type name ‘er_t’
/home/rhensen/param-bench/a.out.c:873: error: expected identifier or ‘(’ before ‘)’ token
/home/rhensen/param-bench/a.out.c:873: error: expected identifier or ‘(’ before ‘}’ token
/home/rhensen/param-bench/a.out.c:873: error: expected identifier or ‘(’ before ‘else’
/home/rhensen/param-bench/a.out.c:873: error: expected identifier or ‘(’ before ‘}’ token
/home/rhensen/param-bench/a.out.c:873: error: expected identifier or ‘(’ before ‘}’ token
/home/rhensen/param-bench/a.out.c:873: error: expected identifier or ‘(’ before ‘{’ token
/home/rhensen/param-bench/a.out.c:873: error: expected identifier or ‘(’ before ‘}’ token
/home/rhensen/param-bench/a.out.c:873: error: expected identifier or ‘(’ before ‘}’ token
/home/rhensen/param-bench/a.out.c:873: error: expected identifier or ‘(’ before ‘else’
/home/rhensen/param-bench/a.out.c:873: error: expected identifier or ‘(’ before ‘}’ token
/home/rhensen/param-bench/a.out.c:874:5: error: expected identifier or ‘(’ before ‘{’ token
/home/rhensen/param-bench/a.out.c:886:5: error: ISO C does not allow extra ‘;’ outside of a function [-Werror=pedantic]
/home/rhensen/param-bench/a.out.c:887:5: error: expected identifier or ‘(’ before ‘{’ token
/home/rhensen/param-bench/a.out.c:889:5: error: expected identifier or ‘(’ before ‘{’ token
/home/rhensen/param-bench/a.out.c:890:5: error: expected identifier or ‘(’ before ‘{’ token
/home/rhensen/param-bench/a.out.c:902:5: error: ISO C does not allow extra ‘;’ outside of a function [-Werror=pedantic]
/home/rhensen/param-bench/a.out.c:903:5: error: expected identifier or ‘(’ before ‘{’ token
/home/rhensen/param-bench/a.out.c:905:5: error: expected identifier or ‘(’ before ‘{’ token
/home/rhensen/param-bench/a.out.c:906:5: error: expected identifier or ‘(’ before ‘{’ token
/home/rhensen/param-bench/a.out.c:918:5: error: ISO C does not allow extra ‘;’ outside of a function [-Werror=pedantic]
/home/rhensen/param-bench/a.out.c:919:5: error: expected identifier or ‘(’ before ‘{’ token
/home/rhensen/param-bench/a.out.c:921:5: error: expected identifier or ‘(’ before ‘{’ token
/home/rhensen/param-bench/a.out.c:922:5: error: expected identifier or ‘(’ before ‘{’ token
/home/rhensen/param-bench/a.out.c:934:5: error: ISO C does not allow extra ‘;’ outside of a function [-Werror=pedantic]
/home/rhensen/param-bench/a.out.c:935:5: error: expected identifier or ‘(’ before ‘{’ token
/home/rhensen/param-bench/a.out.c:937:5: error: expected identifier or ‘(’ before ‘{’ token
/home/rhensen/param-bench/a.out.c:938:5: error: expected identifier or ‘(’ before ‘{’ token
/home/rhensen/param-bench/a.out.c:950:5: error: ISO C does not allow extra ‘;’ outside of a function [-Werror=pedantic]
/home/rhensen/param-bench/a.out.c:951:5: error: expected identifier or ‘(’ before ‘{’ token
/home/rhensen/param-bench/a.out.c:953:5: error: expected identifier or ‘(’ before ‘{’ token
/home/rhensen/param-bench/a.out.c:954:5: error: expected identifier or ‘(’ before ‘{’ token
/home/rhensen/param-bench/a.out.c:966:5: error: ISO C does not allow extra ‘;’ outside of a function [-Werror=pedantic]
/home/rhensen/param-bench/a.out.c:967:5: error: expected identifier or ‘(’ before ‘{’ token
/home/rhensen/param-bench/a.out.c:969:5: error: expected identifier or ‘(’ before ‘{’ token
/home/rhensen/param-bench/a.out.c:970:5: error: expected identifier or ‘(’ before ‘{’ token
/home/rhensen/param-bench/a.out.c:982:5: error: ISO C does not allow extra ‘;’ outside of a function [-Werror=pedantic]
/home/rhensen/param-bench/a.out.c:983:5: error: expected identifier or ‘(’ before ‘{’ token
/home/rhensen/param-bench/a.out.c:985:5: error: expected identifier or ‘(’ before ‘{’ token
/home/rhensen/param-bench/a.out.c:990:5: error: ISO C does not allow extra ‘;’ outside of a function [-Werror=pedantic]
/home/rhensen/param-bench/a.out.c:991:5: error: expected identifier or ‘(’ before ‘{’ token
/home/rhensen/param-bench/a.out.c:993:5: error: expected identifier or ‘(’ before ‘{’ token
/home/rhensen/param-bench/a.out.c:994:5: error: expected identifier or ‘(’ before ‘{’ token
/home/rhensen/param-bench/a.out.c:995:5: error: ISO C does not allow extra ‘;’ outside of a function [-Werror=pedantic]
/home/rhensen/param-bench/a.out.c:995:7: error: ISO C does not allow extra ‘;’ outside of a function [-Werror=pedantic]
/home/rhensen/param-bench/a.out.c:995:9: error: expected identifier or ‘(’ before ‘{’ token
/home/rhensen/param-bench/a.out.c:995:123: error: ISO C does not allow extra ‘;’ outside of a function [-Werror=pedantic]
/home/rhensen/param-bench/a.out.c:996:5: error: expected identifier or ‘(’ before ‘{’ token
/home/rhensen/param-bench/a.out.c:997:5: error: ISO C does not allow extra ‘;’ outside of a function [-Werror=pedantic]
/home/rhensen/param-bench/a.out.c:997:7: error: ISO C does not allow extra ‘;’ outside of a function [-Werror=pedantic]
/home/rhensen/param-bench/a.out.c:997:9: error: expected identifier or ‘(’ before ‘{’ token
/home/rhensen/param-bench/a.out.c:997:123: error: ISO C does not allow extra ‘;’ outside of a function [-Werror=pedantic]
/home/rhensen/param-bench/a.out.c:998:5: error: expected identifier or ‘(’ before ‘{’ token
/home/rhensen/param-bench/a.out.c:999:5: error: ISO C does not allow extra ‘;’ outside of a function [-Werror=pedantic]
/home/rhensen/param-bench/a.out.c:999:7: error: ISO C does not allow extra ‘;’ outside of a function [-Werror=pedantic]
/home/rhensen/param-bench/a.out.c:999:9: error: expected identifier or ‘(’ before ‘{’ token
/home/rhensen/param-bench/a.out.c:999:123: error: ISO C does not allow extra ‘;’ outside of a function [-Werror=pedantic]
/home/rhensen/param-bench/a.out.c:1000:5: error: expected identifier or ‘(’ before ‘{’ token
/home/rhensen/param-bench/a.out.c:1001:5: error: ISO C does not allow extra ‘;’ outside of a function [-Werror=pedantic]
/home/rhensen/param-bench/a.out.c:1001:7: error: ISO C does not allow extra ‘;’ outside of a function [-Werror=pedantic]
/home/rhensen/param-bench/a.out.c:1001:9: error: expected identifier or ‘(’ before ‘{’ token
/home/rhensen/param-bench/a.out.c:1001:123: error: ISO C does not allow extra ‘;’ outside of a function [-Werror=pedantic]
/home/rhensen/param-bench/a.out.c:1002:5: error: expected identifier or ‘(’ before ‘{’ token
/home/rhensen/param-bench/a.out.c:1003:5: error: ISO C does not allow extra ‘;’ outside of a function [-Werror=pedantic]
/home/rhensen/param-bench/a.out.c:1003:7: error: ISO C does not allow extra ‘;’ outside of a function [-Werror=pedantic]
/home/rhensen/param-bench/a.out.c:1003:9: error: expected identifier or ‘(’ before ‘{’ token
/home/rhensen/param-bench/a.out.c:1003:123: error: ISO C does not allow extra ‘;’ outside of a function [-Werror=pedantic]
/home/rhensen/param-bench/a.out.c:1004:5: error: expected identifier or ‘(’ before ‘{’ token
/home/rhensen/param-bench/a.out.c:1005:5: error: ISO C does not allow extra ‘;’ outside of a function [-Werror=pedantic]
/home/rhensen/param-bench/a.out.c:1005:7: error: ISO C does not allow extra ‘;’ outside of a function [-Werror=pedantic]
/home/rhensen/param-bench/a.out.c:1005:9: error: expected identifier or ‘(’ before ‘{’ token
/home/rhensen/param-bench/a.out.c:1005:123: error: ISO C does not allow extra ‘;’ outside of a function [-Werror=pedantic]
/home/rhensen/param-bench/a.out.c:1006:5: error: expected identifier or ‘(’ before ‘{’ token
/home/rhensen/param-bench/a.out.c:1007:5: error: ISO C does not allow extra ‘;’ outside of a function [-Werror=pedantic]
/home/rhensen/param-bench/a.out.c:1007:7: error: ISO C does not allow extra ‘;’ outside of a function [-Werror=pedantic]
/home/rhensen/param-bench/a.out.c:1007:9: error: expected identifier or ‘(’ before ‘{’ token
/home/rhensen/param-bench/a.out.c:1007:123: error: ISO C does not allow extra ‘;’ outside of a function [-Werror=pedantic]
/home/rhensen/param-bench/a.out.c:1008:5: error: expected identifier or ‘(’ before ‘{’ token
/home/rhensen/param-bench/a.out.c:1009:5: error: ISO C does not allow extra ‘;’ outside of a function [-Werror=pedantic]
/home/rhensen/param-bench/a.out.c:1009:7: error: ISO C does not allow extra ‘;’ outside of a function [-Werror=pedantic]
/home/rhensen/param-bench/a.out.c:1009:9: error: expected identifier or ‘(’ before ‘{’ token
/home/rhensen/param-bench/a.out.c:1009:123: error: ISO C does not allow extra ‘;’ outside of a function [-Werror=pedantic]
/home/rhensen/param-bench/a.out.c:1010:5: error: expected identifier or ‘(’ before ‘{’ token
/home/rhensen/param-bench/a.out.c:1011:5: error: ISO C does not allow extra ‘;’ outside of a function [-Werror=pedantic]
/home/rhensen/param-bench/a.out.c:1011:7: error: ISO C does not allow extra ‘;’ outside of a function [-Werror=pedantic]
/home/rhensen/param-bench/a.out.c:1011:9: error: expected identifier or ‘(’ before ‘{’ token
/home/rhensen/param-bench/a.out.c:1011:123: error: ISO C does not allow extra ‘;’ outside of a function [-Werror=pedantic]
/home/rhensen/param-bench/a.out.c:1012:5: error: expected identifier or ‘(’ before ‘{’ token
/home/rhensen/param-bench/a.out.c:1013:5: error: ISO C does not allow extra ‘;’ outside of a function [-Werror=pedantic]
/home/rhensen/param-bench/a.out.c:1013:7: error: ISO C does not allow extra ‘;’ outside of a function [-Werror=pedantic]
/home/rhensen/param-bench/a.out.c:1013:9: error: expected identifier or ‘(’ before ‘{’ token
/home/rhensen/param-bench/a.out.c:1013:123: error: ISO C does not allow extra ‘;’ outside of a function [-Werror=pedantic]
/home/rhensen/param-bench/a.out.c:1014:5: error: expected identifier or ‘(’ before ‘{’ token
/home/rhensen/param-bench/a.out.c:1015:5: error: ISO C does not allow extra ‘;’ outside of a function [-Werror=pedantic]
/home/rhensen/param-bench/a.out.c:1015:7: error: ISO C does not allow extra ‘;’ outside of a function [-Werror=pedantic]
/home/rhensen/param-bench/a.out.c:1015:9: error: expected identifier or ‘(’ before ‘{’ token
/home/rhensen/param-bench/a.out.c:1015:123: error: ISO C does not allow extra ‘;’ outside of a function [-Werror=pedantic]
/home/rhensen/param-bench/a.out.c:1016:5: error: expected identifier or ‘(’ before ‘{’ token
/home/rhensen/param-bench/a.out.c:1017:5: error: ISO C does not allow extra ‘;’ outside of a function [-Werror=pedantic]
/home/rhensen/param-bench/a.out.c:1017:7: error: ISO C does not allow extra ‘;’ outside of a function [-Werror=pedantic]
/home/rhensen/param-bench/a.out.c:1017:9: error: expected identifier or ‘(’ before ‘{’ token
/home/rhensen/param-bench/a.out.c:1017:123: error: ISO C does not allow extra ‘;’ outside of a function [-Werror=pedantic]
/home/rhensen/param-bench/a.out.c:1018:5: error: expected identifier or ‘(’ before ‘{’ token
/home/rhensen/param-bench/a.out.c:1019:5: error: ISO C does not allow extra ‘;’ outside of a function [-Werror=pedantic]
/home/rhensen/param-bench/a.out.c:1019:7: error: ISO C does not allow extra ‘;’ outside of a function [-Werror=pedantic]
/home/rhensen/param-bench/a.out.c:1019:9: error: expected identifier or ‘(’ before ‘{’ token
/home/rhensen/param-bench/a.out.c:1019:123: error: ISO C does not allow extra ‘;’ outside of a function [-Werror=pedantic]
/home/rhensen/param-bench/a.out.c:1020:5: error: expected identifier or ‘(’ before ‘{’ token
/home/rhensen/param-bench/a.out.c:1021:5: error: ISO C does not allow extra ‘;’ outside of a function [-Werror=pedantic]
/home/rhensen/param-bench/a.out.c:1021:7: error: ISO C does not allow extra ‘;’ outside of a function [-Werror=pedantic]
/home/rhensen/param-bench/a.out.c:1021:9: error: expected identifier or ‘(’ before ‘{’ token
/home/rhensen/param-bench/a.out.c:1021:123: error: ISO C does not allow extra ‘;’ outside of a function [-Werror=pedantic]
/home/rhensen/param-bench/a.out.c:1022:5: error: expected identifier or ‘(’ before ‘{’ token
/home/rhensen/param-bench/a.out.c:1023:5: error: ISO C does not allow extra ‘;’ outside of a function [-Werror=pedantic]
/home/rhensen/param-bench/a.out.c:1023:7: error: ISO C does not allow extra ‘;’ outside of a function [-Werror=pedantic]
/home/rhensen/param-bench/a.out.c:1023:9: error: expected identifier or ‘(’ before ‘{’ token
/home/rhensen/param-bench/a.out.c:1023:123: error: ISO C does not allow extra ‘;’ outside of a function [-Werror=pedantic]
/home/rhensen/param-bench/a.out.c:1024:5: error: expected identifier or ‘(’ before ‘{’ token
/home/rhensen/param-bench/a.out.c:1025:5: error: ISO C does not allow extra ‘;’ outside of a function [-Werror=pedantic]
/home/rhensen/param-bench/a.out.c:1025:7: error: ISO C does not allow extra ‘;’ outside of a function [-Werror=pedantic]
/home/rhensen/param-bench/a.out.c:1025:9: error: expected identifier or ‘(’ before ‘{’ token
/home/rhensen/param-bench/a.out.c:1025:123: error: ISO C does not allow extra ‘;’ outside of a function [-Werror=pedantic]
/home/rhensen/param-bench/a.out.c:1026:5: error: expected identifier or ‘(’ before ‘{’ token
/home/rhensen/param-bench/a.out.c:1027:5: error: ISO C does not allow extra ‘;’ outside of a function [-Werror=pedantic]
/home/rhensen/param-bench/a.out.c:1027:7: error: ISO C does not allow extra ‘;’ outside of a function [-Werror=pedantic]
/home/rhensen/param-bench/a.out.c:1027:9: error: expected identifier or ‘(’ before ‘{’ token
/home/rhensen/param-bench/a.out.c:1027:123: error: ISO C does not allow extra ‘;’ outside of a function [-Werror=pedantic]
/home/rhensen/param-bench/a.out.c:1028:5: error: expected identifier or ‘(’ before ‘{’ token
/home/rhensen/param-bench/a.out.c:1029:5: error: ISO C does not allow extra ‘;’ outside of a function [-Werror=pedantic]
/home/rhensen/param-bench/a.out.c:1029:7: error: ISO C does not allow extra ‘;’ outside of a function [-Werror=pedantic]
/home/rhensen/param-bench/a.out.c:1029:9: error: expected identifier or ‘(’ before ‘{’ token
/home/rhensen/param-bench/a.out.c:1029:123: error: ISO C does not allow extra ‘;’ outside of a function [-Werror=pedantic]
/home/rhensen/param-bench/a.out.c:1030:5: error: expected identifier or ‘(’ before ‘{’ token
/home/rhensen/param-bench/a.out.c:1034:5: error: expected identifier or ‘(’ before ‘{’ token
/home/rhensen/param-bench/a.out.c:1035:5: error: expected identifier or ‘(’ before ‘return’
/home/rhensen/param-bench/a.out.c:1037:3: error: expected identifier or ‘(’ before ‘}’ token
/home/rhensen/param-bench/a.out.c:1041:1: error: expected identifier or ‘(’ before ‘}’ token
/home/rhensen/param-bench/a.out.c:1042:1: error: expected identifier or ‘(’ before ‘}’ token
/home/rhensen/param-bench/a.out.c:1044:5: error: redefinition of ‘main’
/home/rhensen/param-bench/a.out.c:846:5: note: previous definition of ‘main’ with type ‘int(int,  char **)’
  846 | int main( int __argc, char *__argv[])
      |     ^~~~
cc1: note: unrecognized command-line option ‘-Wno-unreachable-code-return’ may have been intended to silence earlier diagnostics
cc1: note: unrecognized command-line option ‘-Wno-use-after-free’ may have been intended to silence earlier diagnostics
cc1: all warnings being treated as errors
Abort:
  System failed to execute shell command
  /usr/bin/cc -O3 -ffast-math  -march=native -mtune=native  -pedantic -g -fPIC -D_POSIX_C_SOURCE=200809L -D_DEFAULT_SOURCE -D_SVID_SOURCE -D_BSD_SOURCE  -Wall -Wextra -Werror -Wno-free-nonheap-object -Wno-use-after-free -Wstrict-prototypes -Wno-unused-parameter -Wno-tautological-compare -Wno-unreachable-code-return -Wno-sign-compare -Wno-array-bounds -Wno-unused-but-set-variable  -Wno-unused-function -Wno-strict-overflow -Wimplicit-fallthrough=3 -Wno-format-truncation -pedantic -std=gnu99 -pedantic -Wno-unused -fno-builtin-malloc  -c -o /home/rhensen/param-bench/a.out.o /home/rhensen/param-bench/a.out.i
  with exit code 1
Compilation failed while Creating binary code.
Command exited with non-zero status 204
39116,7583226,cn132
0-param.sac,0,3,.306132358,/home/rhensen/param-bench/a.out.c:437:53: error: expected ‘=’, ‘,’, ‘;’, ‘asm’ or ‘__attribute__’ before ‘SACl_shp__desc’
  437 | SAC_ND_DECL_FUN2( SACwf_sacprelude_p__sel__i_S__ub_S, void,  SAC_ND_PARAM_out( (SAC_arg_1, (AUD, (NHD, (NUQ, (INT, (GLO, (FPM, (NOT, (UBY, ))))))))), ubyte), SAC_ND_PARAM_in( (SACl_idx, (AUD, (NHD, (NUQ, (INT, (GLO, (FPM, (NOT, (INT, ))))))))), int), SAC_ND_PARAM_in( (SACl_arr, (AUD, (NHD, (NUQ, (INT, (GLO, (FPM, (NOT, (UBY, ))))))))), ubyte));
      |                                                     ^~~~~~~~~~~~~~
cc1: note: unrecognized command-line option ‘-Wno-unreachable-code-return’ may have been intended to silence earlier diagnostics
cc1: note: unrecognized command-line option ‘-Wno-use-after-free’ may have been intended to silence earlier diagnostics
Abort:
  System failed to execute shell command
  /usr/bin/cc -O3 -ffast-math  -march=native -mtune=native  -pedantic -g -fPIC -D_POSIX_C_SOURCE=200809L -D_DEFAULT_SOURCE -D_SVID_SOURCE -D_BSD_SOURCE  -Wall -Wextra -Werror -Wno-free-nonheap-object -Wno-use-after-free -Wstrict-prototypes -Wno-unused-parameter -Wno-tautological-compare -Wno-unreachable-code-return -Wno-sign-compare -Wno-array-bounds -Wno-unused-but-set-variable  -Wno-unused-function -Wno-strict-overflow -Wimplicit-fallthrough=3 -Wno-format-truncation -pedantic -std=gnu99 -pedantic -Wno-unused -fno-builtin-malloc  -c -o /home/rhensen/param-bench/a.out.o /home/rhensen/param-bench/a.out.i
  with exit code 1
Compilation failed while Creating binary code.
Command exited with non-zero status 204
39260,7583226,cn132
0-param.sac,0,4,.355082475,39252,7583226,cn132
0-param.sac,0,5,.358125329,38944,7583226,cn132
0-param.sac,0,6,.305888819,In file included from /home/rhensen/param-bench/a.out.c:304:
/home/rhensen/sacoriginal/sac2c/build_p/include/libsac/interface/sacarg.h:98:171: error: expected ‘=’, ‘,’, ‘;’, ‘asm’ or ‘__attribute__’ before ‘/’ token
   98 | CREATE_FOR_BUILTIN (GENWRAPS)
      |                                                                                                                                                                           ^
/home/rhensen/sacoriginal/sac2c/build_p/include/libsac/interface/sacarg.h:98:191: error: missing terminating " character [-Werror]
   98 | CREATE_FOR_BUILTIN (GENWRAPS)
      |                                                                                                                                                                                               ^
/home/rhensen/sacoriginal/sac2c/build_p/include/libsac/interface/sacarg.h:98:191: error: missing terminating " character
/home/rhensen/sacoriginal/sac2c/build_p/include/libsac/interface/sacarg.h:99:3: error: expected identifier or ‘(’ before ‘}’ token
   99 | 
      |   ^
/home/rhensen/sacoriginal/sac2c/build_p/include/libsac/interface/sacarg.h:99:5: error: expected identifier or ‘(’ before ‘}’ token
   99 | 
      |     ^
/home/rhensen/sacoriginal/sac2c/build_p/include/libsac/interface/sacarg.h:99:6: error: expected identifier or ‘(’ before ‘,’ token
   99 | 
      |      ^
In file included from /home/rhensen/param-bench/a.out.c:304:
/home/rhensen/param-bench/a.out.c:312:45: error: expected identifier or ‘(’ before ‘,’ token
  312 | SAC_HM_DEFINE()
      |                                             ^
In file included from /home/rhensen/param-bench/a.out.c:304:
/home/rhensen/param-bench/a.out.c:312:45: error: expected identifier or ‘(’ before ‘,’ token
  312 | SAC_HM_DEFINE()
      |                                             ^
In file included from /home/rhensen/param-bench/a.out.c:304:
/home/rhensen/param-bench/a.out.c:312:45: error: expected identifier or ‘(’ before ‘,’ token
  312 | SAC_HM_DEFINE()
      |                                             ^
In file included from /home/rhensen/param-bench/a.out.c:304:
/home/rhensen/param-bench/a.out.c:312:45: error: expected identifier or ‘(’ before ‘,’ token
  312 | SAC_HM_DEFINE()
      |                                             ^
In file included from /home/rhensen/param-bench/a.out.c:304:
/home/rhensen/param-bench/a.out.c:312:45: error: expected identifier or ‘(’ before ‘,’ token
  312 | SAC_HM_DEFINE()
      |                                             ^
In file included from /home/rhensen/param-bench/a.out.c:304:
/home/rhensen/param-bench/a.out.c:312:45: error: expected identifier or ‘(’ before ‘,’ token
  312 | SAC_HM_DEFINE()
      |                                             ^
In file included from /home/rhensen/param-bench/a.out.c:304:
/home/rhensen/param-bench/a.out.c:312:45: error: expected identifier or ‘(’ before ‘,’ token
  312 | SAC_HM_DEFINE()
      |                                             ^
In file included from /home/rhensen/param-bench/a.out.c:304:
/home/rhensen/param-bench/a.out.c:312:46: error: expected identifier or ‘(’ before ‘}’ token
  312 | SAC_HM_DEFINE()
      |                                              ^
/home/rhensen/param-bench/a.out.c:312:48: error: expected identifier or ‘(’ before ‘}’ token
  312 | SAC_HM_DEFINE()
      |                                                ^
/home/rhensen/param-bench/a.out.c:312:49: error: ISO C does not allow extra ‘;’ outside of a function [-Werror=pedantic]
  312 | SAC_HM_DEFINE()
      |                                                 ^
In file included from /home/rhensen/param-bench/a.out.c:304:
/home/rhensen/param-bench/a.out.c:778:6: error: redefinition of ‘SACwf__MAIN__main’
  778 | SAC_ND_DEF_FUN_BEGIN2( SACwf__MAIN__main, void,  SAC_ND_PARAM_out( (SAC_arg_1, (SCL, (NHD, (NUQ, (INT, (GLO, (FPM, (NOT, (INT, ))))))))), int))
      |      ^~~~~~~~~~~~~~~~~
In file included from /home/rhensen/param-bench/a.out.c:304:
/home/rhensen/param-bench/a.out.c:778:6: note: previous definition of ‘SACwf__MAIN__main’ with type ‘void(int *)’
  778 | SAC_ND_DEF_FUN_BEGIN2( SACwf__MAIN__main, void,  SAC_ND_PARAM_out( (SAC_arg_1, (SCL, (NHD, (NUQ, (INT, (GLO, (FPM, (NOT, (INT, ))))))))), int))
      |      ^~~~~~~~~~~~~~~~~
In file included from /home/rhensen/param-bench/a.out.c:304:
/home/rhensen/param-bench/a.out.c:824:6: error: redefinition of ‘SACf__MAIN__main’
  824 | SAC_ND_DEF_FUN_BEGIN2( SACf__MAIN__main, void,  SAC_ND_PARAM_out( (SAC_arg_1, (SCL, (NHD, (NUQ, (INT, (GLO, (FPM, (NOT, (INT, ))))))))), int))
      |      ^~~~~~~~~~~~~~~~
In file included from /home/rhensen/param-bench/a.out.c:304:
/home/rhensen/param-bench/a.out.c:824:6: note: previous definition of ‘SACf__MAIN__main’ with type ‘void(int *)’
  824 | SAC_ND_DEF_FUN_BEGIN2( SACf__MAIN__main, void,  SAC_ND_PARAM_out( (SAC_arg_1, (SCL, (NHD, (NUQ, (INT, (GLO, (FPM, (NOT, (INT, ))))))))), int))
      |      ^~~~~~~~~~~~~~~~
In file included from /home/rhensen/param-bench/a.out.c:304:
/home/rhensen/param-bench/a.out.c:846:5: error: conflicting types for ‘main’; have ‘int(int,  char **)’
  846 | int main( int __argc, char *__argv[])
      |     ^~~~
In file included from /home/rhensen/param-bench/a.out.c:304:
/home/rhensen/param-bench/a.out.c:846:5: note: previous declaration of ‘main’ with type ‘int(int,  char *, intptr_t *)’ {aka ‘int(int,  char *, long int *)’}
  846 | int main( int __argc, char *__argv[])
      |     ^~~~
cc1: note: unrecognized command-line option ‘-Wno-unreachable-code-return’ may have been intended to silence earlier diagnostics
cc1: note: unrecognized command-line option ‘-Wno-use-after-free’ may have been intended to silence earlier diagnostics
cc1: all warnings being treated as errors
Abort:
  System failed to execute shell command
  /usr/bin/cc -O3 -ffast-math  -march=native -mtune=native  -pedantic -g -fPIC -D_POSIX_C_SOURCE=200809L -D_DEFAULT_SOURCE -D_SVID_SOURCE -D_BSD_SOURCE  -Wall -Wextra -Werror -Wno-free-nonheap-object -Wno-use-after-free -Wstrict-prototypes -Wno-unused-parameter -Wno-tautological-compare -Wno-unreachable-code-return -Wno-sign-compare -Wno-array-bounds -Wno-unused-but-set-variable  -Wno-unused-function -Wno-strict-overflow -Wimplicit-fallthrough=3 -Wno-format-truncation -pedantic -std=gnu99 -pedantic -Wno-unused -fno-builtin-malloc  -c -o /home/rhensen/param-bench/a.out.o /home/rhensen/param-bench/a.out.i
  with exit code 1
Compilation failed while Creating binary code.
Command exited with non-zero status 204
39200,7583226,cn132
0-param.sac,0,7,.358605543,39064,7583226,cn132
0-param.sac,0,8,.355002455,39260,7583226,cn132
0-param.sac,0,9,.371821273,39044,7583226,cn132
0-param.sac,0,10,.314365214,/home/rhensen/param-bench/a.out.c:873:4: error: expected ‘=’, ‘,’, ‘;’, ‘asm’ or ‘__attribute__’ before ‘)’ token
/home/rhensen/param-bench/a.out.c:873:540: error: ‘_real_size_1’ undeclared here (not in a function); did you mean ‘_real_size_2’?
/home/rhensen/param-bench/a.out.c:873:840: error: initializer element is not constant
/home/rhensen/param-bench/a.out.c:873:1134: error: initializer element is not constant
/home/rhensen/param-bench/a.out.c:873:1195: error: expected identifier or ‘(’ before ‘if’
/home/rhensen/param-bench/a.out.c:873:1431: error: expected identifier or ‘(’ before ‘else’
/home/rhensen/param-bench/a.out.c:873:1660: error: expected identifier or ‘(’ before ‘}’ token
/home/rhensen/param-bench/a.out.c:873:1662: error: expected identifier or ‘(’ before ‘}’ token
/home/rhensen/param-bench/a.out.c:873:1664: error: data definition has no type or storage class [-Werror]
/home/rhensen/param-bench/a.out.c:873:1664: error: type defaults to ‘int’ in declaration of ‘SACp_emal_3393__flat_94__desc’ [-Werror=implicit-int]
/home/rhensen/param-bench/a.out.c:873:1746: error: ‘SACp_emal_3393__flat_94’ undeclared here (not in a function); did you mean ‘SACp_emal_3393__flat_94__desc’?
/home/rhensen/param-bench/a.out.c:873:1771: error: ‘SACp_emal_3393__flat_94__sz’ undeclared here (not in a function); did you mean ‘SACp_emal_3393__flat_94__desc’?
/home/rhensen/param-bench/a.out.c:873:1843: error: ‘SACp_emal_3393__flat_94__dim’ undeclared here (not in a function); did you mean ‘SACp_emal_3393__flat_94__desc’?
/home/rhensen/param-bench/a.out.c:873:1899: error: expected identifier or ‘(’ before ‘}’ token
/home/rhensen/param-bench/a.out.c:873:1901: error: expected identifier or ‘(’ before ‘}’ token
/home/rhensen/param-bench/a.out.c:873:1903: error: expected identifier or ‘(’ before ‘{’ token
/home/rhensen/param-bench/a.out.c:877:5: error: ISO C does not allow extra ‘;’ outside of a function [-Werror=pedantic]
/home/rhensen/param-bench/a.out.c:878:5: error: ISO C does not allow extra ‘;’ outside of a function [-Werror=pedantic]
/home/rhensen/param-bench/a.out.c:879:5: error: ISO C does not allow extra ‘;’ outside of a function [-Werror=pedantic]
/home/rhensen/param-bench/a.out.c:881:5: error: expected identifier or ‘(’ before ‘}’ token
/home/rhensen/param-bench/a.out.c:885:5: error: expected identifier or ‘(’ before ‘{’ token
/home/rhensen/param-bench/a.out.c:890:117: error: expected declaration specifiers or ‘...’ before ‘&’ token
/home/rhensen/param-bench/a.out.c:890:128: error: expected declaration specifiers or ‘...’ before ‘SACp_emal_3393__flat_94’
/home/rhensen/param-bench/a.out.c:890:153: error: expected declaration specifiers or ‘...’ before ‘SACp_emal_3393__flat_94__desc’
/home/rhensen/param-bench/a.out.c:890:184: error: expected declaration specifiers or ‘...’ before ‘SACp_emal_3393__flat_94’
/home/rhensen/param-bench/a.out.c:890:209: error: expected declaration specifiers or ‘...’ before ‘SACp_emal_3393__flat_94__desc’
/home/rhensen/param-bench/a.out.c:890:240: error: expected declaration specifiers or ‘...’ before ‘SACp_emal_3393__flat_94’
/home/rhensen/param-bench/a.out.c:890:265: error: expected declaration specifiers or ‘...’ before ‘SACp_emal_3393__flat_94__desc’
/home/rhensen/param-bench/a.out.c:890:296: error: expected declaration specifiers or ‘...’ before ‘SACp_emal_3393__flat_94’
/home/rhensen/param-bench/a.out.c:890:321: error: expected declaration specifiers or ‘...’ before ‘SACp_emal_3393__flat_94__desc’
/home/rhensen/param-bench/a.out.c:890:352: error: expected declaration specifiers or ‘...’ before ‘SACp_emal_3393__flat_94’
/home/rhensen/param-bench/a.out.c:890:377: error: expected declaration specifiers or ‘...’ before ‘SACp_emal_3393__flat_94__desc’
/home/rhensen/param-bench/a.out.c:890:408: error: expected declaration specifiers or ‘...’ before ‘SACp_emal_3393__flat_94’
/home/rhensen/param-bench/a.out.c:890:433: error: expected declaration specifiers or ‘...’ before ‘SACp_emal_3393__flat_94__desc’
/home/rhensen/param-bench/a.out.c:890:464: error: expected declaration specifiers or ‘...’ before ‘SACp_emal_3393__flat_94’
/home/rhensen/param-bench/a.out.c:890:489: error: expected declaration specifiers or ‘...’ before ‘SACp_emal_3393__flat_94__desc’
/home/rhensen/param-bench/a.out.c:890:520: error: expected declaration specifiers or ‘...’ before ‘SACp_emal_3393__flat_94’
/home/rhensen/param-bench/a.out.c:890:545: error: expected declaration specifiers or ‘...’ before ‘SACp_emal_3393__flat_94__desc’
/home/rhensen/param-bench/a.out.c:890:576: error: expected declaration specifiers or ‘...’ before ‘SACp_emal_3393__flat_94’
/home/rhensen/param-bench/a.out.c:890:601: error: expected declaration specifiers or ‘...’ before ‘SACp_emal_3393__flat_94__desc’
/home/rhensen/param-bench/a.out.c:890:632: error: expected declaration specifiers or ‘...’ before ‘SACp_emal_3393__flat_94’
/home/rhensen/param-bench/a.out.c:890:657: error: expected declaration specifiers or ‘...’ before ‘SACp_emal_3393__flat_94__desc’
/home/rhensen/param-bench/a.out.c:890:688: error: expected declaration specifiers or ‘...’ before ‘SACp_emal_3393__flat_94’
/home/rhensen/param-bench/a.out.c:890:713: error: expected declaration specifiers or ‘...’ before ‘SACp_emal_3393__flat_94__desc’
/home/rhensen/param-bench/a.out.c:890:744: error: expected declaration specifiers or ‘...’ before ‘SACp_emal_3393__flat_94’
/home/rhensen/param-bench/a.out.c:890:769: error: expected declaration specifiers or ‘...’ before ‘SACp_emal_3393__flat_94__desc’
/home/rhensen/param-bench/a.out.c:890:800: error: expected declaration specifiers or ‘...’ before ‘SACp_emal_3393__flat_94’
/home/rhensen/param-bench/a.out.c:890:825: error: expected declaration specifiers or ‘...’ before ‘SACp_emal_3393__flat_94__desc’
/home/rhensen/param-bench/a.out.c:890:856: error: expected declaration specifiers or ‘...’ before ‘SACp_emal_3393__flat_94’
/home/rhensen/param-bench/a.out.c:890:881: error: expected declaration specifiers or ‘...’ before ‘SACp_emal_3393__flat_94__desc’
/home/rhensen/param-bench/a.out.c:890:912: error: expected declaration specifiers or ‘...’ before ‘SACp_emal_3393__flat_94’
/home/rhensen/param-bench/a.out.c:890:937: error: expected declaration specifiers or ‘...’ before ‘SACp_emal_3393__flat_94__desc’
/home/rhensen/param-bench/a.out.c:890:968: error: expected declaration specifiers or ‘...’ before ‘SACp_emal_3393__flat_94’
/home/rhensen/param-bench/a.out.c:890:993: error: expected declaration specifiers or ‘...’ before ‘SACp_emal_3393__flat_94__desc’
/home/rhensen/param-bench/a.out.c:890:1024: error: expected declaration specifiers or ‘...’ before ‘SACp_emal_3393__flat_94’
/home/rhensen/param-bench/a.out.c:890:1049: error: expected declaration specifiers or ‘...’ before ‘SACp_emal_3393__flat_94__desc’
/home/rhensen/param-bench/a.out.c:890:1080: error: expected declaration specifiers or ‘...’ before ‘SACp_emal_3393__flat_94’
/home/rhensen/param-bench/a.out.c:890:1105: error: expected declaration specifiers or ‘...’ before ‘SACp_emal_3393__flat_94__desc’
/home/rhensen/param-bench/a.out.c:890:1136: error: expected declaration specifiers or ‘...’ before ‘SACp_emal_3393__flat_94’
/home/rhensen/param-bench/a.out.c:890:1161: error: expected declaration specifiers or ‘...’ before ‘SACp_emal_3393__flat_94__desc’
/home/rhensen/param-bench/a.out.c:895:5: error: ISO C does not allow extra ‘;’ outside of a function [-Werror=pedantic]
/home/rhensen/param-bench/a.out.c:900:5: error: expected identifier or ‘(’ before ‘{’ token
/home/rhensen/param-bench/a.out.c:901:5: error: expected identifier or ‘(’ before ‘return’
/home/rhensen/param-bench/a.out.c:903:3: error: expected identifier or ‘(’ before ‘}’ token
/home/rhensen/param-bench/a.out.c:907:1: error: expected identifier or ‘(’ before ‘}’ token
/home/rhensen/param-bench/a.out.c:908:1: error: expected identifier or ‘(’ before ‘}’ token
/home/rhensen/param-bench/a.out.c:1520:5: error: redefinition of ‘main’
/home/rhensen/param-bench/a.out.c:846:5: note: previous definition of ‘main’ with type ‘int(int,  char **)’
  846 | int main( int __argc, char *__argv[])
      |     ^~~~
cc1: note: unrecognized command-line option ‘-Wno-unreachable-code-return’ may have been intended to silence earlier diagnostics
cc1: note: unrecognized command-line option ‘-Wno-use-after-free’ may have been intended to silence earlier diagnostics
cc1: all warnings being treated as errors
Abort:
  System failed to execute shell command
  /usr/bin/cc -O3 -ffast-math  -march=native -mtune=native  -pedantic -g -fPIC -D_POSIX_C_SOURCE=200809L -D_DEFAULT_SOURCE -D_SVID_SOURCE -D_BSD_SOURCE  -Wall -Wextra -Werror -Wno-free-nonheap-object -Wno-use-after-free -Wstrict-prototypes -Wno-unused-parameter -Wno-tautological-compare -Wno-unreachable-code-return -Wno-sign-compare -Wno-array-bounds -Wno-unused-but-set-variable  -Wno-unused-function -Wno-strict-overflow -Wimplicit-fallthrough=3 -Wno-format-truncation -pedantic -std=gnu99 -pedantic -Wno-unused -fno-builtin-malloc  -c -o /home/rhensen/param-bench/a.out.o /home/rhensen/param-bench/a.out.i
  with exit code 1
Compilation failed while Creating binary code.
Command exited with non-zero status 204
39116,7583226,cn132
1-param.sac,1,1,.425405597,49508,7583227,cn132
1-param.sac,1,2,.347195168,In file included from /usr/include/string.h:535,
                 from /home/rhensen/sacoriginal/sac2c/build_p/include/runtime/essentials_h/wrappers.h:41,
                 from /home/rhensen/sacoriginal/sac2c/build_p/include/sac.h:50,
                 from /home/rhensen/param-bench/a.out.c:274:
/usr/include/x86_64-linux-gnu/bits/string_fortified.h:91:86: error: unknown type name ‘__attribut’
   91 | __fortify_function char *
      |                                                                                      ^         
/usr/include/x86_64-linux-gnu/bits/string_fortified.h:91: error: expected ‘=’, ‘,’, ‘;’, ‘asm’ or ‘__attribute__’ before ‘SACl_iv__desc’
   91 | __fortify_function char *
      | 
In file included from /usr/include/string.h:535,
                 from /home/rhensen/sacoriginal/sac2c/build_p/include/runtime/essentials_h/wrappers.h:41,
                 from /home/rhensen/sacoriginal/sac2c/build_p/include/sac.h:50,
                 from /home/rhensen/param-bench/a.out.c:274:
/home/rhensen/param-bench/a.out.c: In function ‘SACwf__MAIN__main’:
/home/rhensen/param-bench/a.out.c:802:5: error: implicit declaration of function ‘SACf__MAIN__main’; did you mean ‘SACwf__MAIN__main’? [-Werror=implicit-function-declaration]
  802 | 
      |     ^               
      |     SACwf__MAIN__main
In file included from /usr/include/string.h:535,
                 from /home/rhensen/sacoriginal/sac2c/build_p/include/runtime/essentials_h/wrappers.h:41,
                 from /home/rhensen/sacoriginal/sac2c/build_p/include/sac.h:50,
                 from /home/rhensen/param-bench/a.out.c:274:
/home/rhensen/param-bench/a.out.c: At top level:
/home/rhensen/param-bench/a.out.c:830:6: error: conflicting types for ‘SACf__MAIN__main’; have ‘void(int *)’ [-Werror]
  830 |     SAC_ND_DECL_CONST__DATA((SACp_emal_2261__dl_364, (SCL, (NHD, (NUQ, (INT, (GLO, (NON, (NOT, (INT, ))))))))), int, 20)
      |      ^~~~~~~~~~~~~~~~
In file included from /usr/include/string.h:535,
                 from /home/rhensen/sacoriginal/sac2c/build_p/include/runtime/essentials_h/wrappers.h:41,
                 from /home/rhensen/sacoriginal/sac2c/build_p/include/sac.h:50,
                 from /home/rhensen/param-bench/a.out.c:274:
/home/rhensen/param-bench/a.out.c:802:5: note: previous implicit declaration of ‘SACf__MAIN__main’ with type ‘void(int *)’
  802 | 
      |     ^               
In file included from /usr/include/string.h:535,
                 from /home/rhensen/sacoriginal/sac2c/build_p/include/runtime/essentials_h/wrappers.h:41,
                 from /home/rhensen/sacoriginal/sac2c/build_p/include/sac.h:50,
                 from /home/rhensen/param-bench/a.out.c:274:
/home/rhensen/param-bench/a.out.c: In function ‘SACf__MAIN__main’:
/home/rhensen/param-bench/a.out.c:854:724: error: ‘SAC_HM_arenas’ undeclared (first use in this function); did you mean ‘SAC_HM_arena_t’?
  854 |   SAC_PF_SETUP();
      |                                                                                                                                                                                                                                                                                                                                                                                                                                                                                                                                                                                                                                                                                                                                                    ^            
      |                                                                                                                                                                                                                                                                                                                                                                                                                                                                                                                                                                                                                                                                                                                                                    SAC_HM_arena_t
/home/rhensen/param-bench/a.out.c:854:724: note: each undeclared identifier is reported only once for each function it appears in
In file included from /usr/include/string.h:535,
                 from /home/rhensen/sacoriginal/sac2c/build_p/include/runtime/essentials_h/wrappers.h:41,
                 from /home/rhensen/sacoriginal/sac2c/build_p/include/sac.h:50,
                 from /home/rhensen/param-bench/a.out.c:274:
/home/rhensen/param-bench/a.out.c: In function ‘SACf__MAIN__foo__i_1__i_1__i_1’:
/home/rhensen/param-bench/a.out.c:965:1286: error: ‘SAC_HM_arenas’ undeclared (first use in this function); did you mean ‘SAC_HM_arena_t’?
/usr/include/string.h: At top level:
cc1: note: unrecognized command-line option ‘-Wno-unreachable-code-return’ may have been intended to silence earlier diagnostics
cc1: note: unrecognized command-line option ‘-Wno-use-after-free’ may have been intended to silence earlier diagnostics
cc1: all warnings being treated as errors
Abort:
  System failed to execute shell command
  /usr/bin/cc -O3 -ffast-math  -march=native -mtune=native  -pedantic -g -fPIC -D_POSIX_C_SOURCE=200809L -D_DEFAULT_SOURCE -D_SVID_SOURCE -D_BSD_SOURCE  -Wall -Wextra -Werror -Wno-free-nonheap-object -Wno-use-after-free -Wstrict-prototypes -Wno-unused-parameter -Wno-tautological-compare -Wno-unreachable-code-return -Wno-sign-compare -Wno-array-bounds -Wno-unused-but-set-variable  -Wno-unused-function -Wno-strict-overflow -Wimplicit-fallthrough=3 -Wno-format-truncation -pedantic -std=gnu99 -pedantic -Wno-unused -fno-builtin-malloc  -c -o /home/rhensen/param-bench/a.out.o /home/rhensen/param-bench/a.out.i
  with exit code 1
Compilation failed while Creating binary code.
Command exited with non-zero status 204
49500,7583227,cn132
1-param.sac,1,3,.422924641,49680,7583227,cn132
1-param.sac,1,4,.419960034,49480,7583227,cn132
1-param.sac,1,5,.422778335,49536,7583227,cn132
1-param.sac,1,6,.419283651,49440,7583227,cn132
1-param.sac,1,7,.419698441,49508,7583227,cn132
1-param.sac,1,8,.338541700,In file included from /home/rhensen/sacoriginal/sac2c/build_p/include/runtime/phm_h/phm.h:41,
                 from /home/rhensen/sacoriginal/sac2c/build_p/include/runtime/essentials_h/std.h:30,
                 from /home/rhensen/sacoriginal/sac2c/build_p/include/sac.h:46,
                 from /home/rhensen/param-bench/a.out.c:274:
/usr/include/x86_64-linux-gnu/sys/types.h:228: error: expected ‘:’, ‘,’, ‘;’, ‘}’ or ‘__attribute__’ at end of input
  228 | #endif
      | 
cc1: note: unrecognized command-line option ‘-Wno-unreachable-code-return’ may have been intended to silence earlier diagnostics
cc1: note: unrecognized command-line option ‘-Wno-use-after-free’ may have been intended to silence earlier diagnostics
Abort:
  System failed to execute shell command
  /usr/bin/cc -O3 -ffast-math  -march=native -mtune=native  -pedantic -g -fPIC -D_POSIX_C_SOURCE=200809L -D_DEFAULT_SOURCE -D_SVID_SOURCE -D_BSD_SOURCE  -Wall -Wextra -Werror -Wno-free-nonheap-object -Wno-use-after-free -Wstrict-prototypes -Wno-unused-parameter -Wno-tautological-compare -Wno-unreachable-code-return -Wno-sign-compare -Wno-array-bounds -Wno-unused-but-set-variable  -Wno-unused-function -Wno-strict-overflow -Wimplicit-fallthrough=3 -Wno-format-truncation -pedantic -std=gnu99 -pedantic -Wno-unused -fno-builtin-malloc  -c -o /home/rhensen/param-bench/a.out.o /home/rhensen/param-bench/a.out.i
  with exit code 1
Compilation failed while Creating binary code.
Command exited with non-zero status 204
49480,7583227,cn132
1-param.sac,1,9,.417302474,49564,7583227,cn132
1-param.sac,1,10,.421484882,49512,7583227,cn132
2-param.sac,2,1,.334542367,/home/rhensen/param-bench/a.out.c:873:1: error: expected identifier or ‘(’ before ‘.’ token
/home/rhensen/param-bench/a.out.c:873:7: error: missing terminating " character [-Werror]
/home/rhensen/param-bench/a.out.c:873:7: error: missing terminating " character
/home/rhensen/param-bench/a.out.c:888:5: error: expected identifier or ‘(’ before ‘{’ token
/home/rhensen/param-bench/a.out.c:900:5: error: expected identifier or ‘(’ before ‘{’ token
/home/rhensen/param-bench/a.out.c:905:37: error: expected declaration specifiers or ‘...’ before ‘&’ token
/home/rhensen/param-bench/a.out.c:905:48: error: unknown type name ‘SACp_emal_2649__flat_14’
/home/rhensen/param-bench/a.out.c:905:73: error: unknown type name ‘SACp_emal_2649__flat_14__desc’
/home/rhensen/param-bench/a.out.c:905:104: error: unknown type name ‘SACp_emal_2649__flat_14’
/home/rhensen/param-bench/a.out.c:905:129: error: unknown type name ‘SACp_emal_2649__flat_14__desc’
/home/rhensen/param-bench/a.out.c:905:160: error: unknown type name ‘SACp_emal_2649__flat_14’
/home/rhensen/param-bench/a.out.c:905:185: error: unknown type name ‘SACp_emal_2649__flat_14__desc’
/home/rhensen/param-bench/a.out.c:910:5: error: ISO C does not allow extra ‘;’ outside of a function [-Werror=pedantic]
/home/rhensen/param-bench/a.out.c:915:5: error: expected identifier or ‘(’ before ‘{’ token
/home/rhensen/param-bench/a.out.c:916:5: error: expected identifier or ‘(’ before ‘return’
/home/rhensen/param-bench/a.out.c:918:3: error: expected identifier or ‘(’ before ‘}’ token
/home/rhensen/param-bench/a.out.c:922:1: error: expected identifier or ‘(’ before ‘}’ token
/home/rhensen/param-bench/a.out.c:923:1: error: expected identifier or ‘(’ before ‘}’ token
/home/rhensen/param-bench/a.out.c:1008:5: error: redefinition of ‘main’
/home/rhensen/param-bench/a.out.c:846:5: note: previous definition of ‘main’ with type ‘int(int,  char **)’
  846 | int main( int __argc, char *__argv[])
      |     ^~~~
cc1: note: unrecognized command-line option ‘-Wno-unreachable-code-return’ may have been intended to silence earlier diagnostics
cc1: note: unrecognized command-line option ‘-Wno-use-after-free’ may have been intended to silence earlier diagnostics
cc1: all warnings being treated as errors
Abort:
  System failed to execute shell command
  /usr/bin/cc -O3 -ffast-math  -march=native -mtune=native  -pedantic -g -fPIC -D_POSIX_C_SOURCE=200809L -D_DEFAULT_SOURCE -D_SVID_SOURCE -D_BSD_SOURCE  -Wall -Wextra -Werror -Wno-free-nonheap-object -Wno-use-after-free -Wstrict-prototypes -Wno-unused-parameter -Wno-tautological-compare -Wno-unreachable-code-return -Wno-sign-compare -Wno-array-bounds -Wno-unused-but-set-variable  -Wno-unused-function -Wno-strict-overflow -Wimplicit-fallthrough=3 -Wno-format-truncation -pedantic -std=gnu99 -pedantic -Wno-unused -fno-builtin-malloc  -c -o /home/rhensen/param-bench/a.out.o /home/rhensen/param-bench/a.out.i
  with exit code 1
Compilation failed while Creating binary code.
Command exited with non-zero status 204
46556,7583228,cn132
2-param.sac,2,2,.321182977,/home/rhensen/param-bench/a.out.i:2: error: ISO C forbids an empty translation unit [-Werror=pedantic]
cc1: note: unrecognized command-line option ‘-Wno-unreachable-code-return’ may have been intended to silence earlier diagnostics
cc1: note: unrecognized command-line option ‘-Wno-use-after-free’ may have been intended to silence earlier diagnostics
cc1: all warnings being treated as errors
Abort:
  System failed to execute shell command
  /usr/bin/cc -O3 -ffast-math  -march=native -mtune=native  -pedantic -g -fPIC -D_POSIX_C_SOURCE=200809L -D_DEFAULT_SOURCE -D_SVID_SOURCE -D_BSD_SOURCE  -Wall -Wextra -Werror -Wno-free-nonheap-object -Wno-use-after-free -Wstrict-prototypes -Wno-unused-parameter -Wno-tautological-compare -Wno-unreachable-code-return -Wno-sign-compare -Wno-array-bounds -Wno-unused-but-set-variable  -Wno-unused-function -Wno-strict-overflow -Wimplicit-fallthrough=3 -Wno-format-truncation -pedantic -std=gnu99 -pedantic -Wno-unused -fno-builtin-malloc  -c -o /home/rhensen/param-bench/a.out.o /home/rhensen/param-bench/a.out.i
  with exit code 1
Compilation failed while Creating binary code.
Command exited with non-zero status 204
46492,7583228,cn132
2-param.sac,2,3,.326595829,In file included from /home/rhensen/sacoriginal/sac2c/build_p/include/libsac/hwloc/cpubind.h:9,
                 from /home/rhensen/sacoriginal/sac2c/build_p/include/runtime/hwloc_h/cpubind.h:42,
                 from /home/rhensen/sacoriginal/sac2c/build_p/include/sac.h:63,
                 from /home/rhensen/param-bench/a.out.c:274:
/usr/include/hwloc.h:648: error: unknown type name ‘ray_descriptor_t’
  648 |       struct hwloc_pcidev_attr_s pci;
      | 
/usr/include/hwloc.h:648: error: expected identifier or ‘(’ before ‘int’
In file included from /home/rhensen/sacoriginal/sac2c/build_p/include/libsac/hwloc/cpubind.h:9,
                 from /home/rhensen/sacoriginal/sac2c/build_p/include/runtime/hwloc_h/cpubind.h:42,
                 from /home/rhensen/sacoriginal/sac2c/build_p/include/sac.h:63,
                 from /home/rhensen/param-bench/a.out.c:274:
/home/rhensen/param-bench/a.out.c:535:1: error: expected specifier-qualifier-list before ‘extern’
  535 | SAC_C_EXTERN
      | ^~~~~~
cc1: note: unrecognized command-line option ‘-Wno-unreachable-code-return’ may have been intended to silence earlier diagnostics
cc1: note: unrecognized command-line option ‘-Wno-use-after-free’ may have been intended to silence earlier diagnostics
Abort:
  System failed to execute shell command
  /usr/bin/cc -O3 -ffast-math  -march=native -mtune=native  -pedantic -g -fPIC -D_POSIX_C_SOURCE=200809L -D_DEFAULT_SOURCE -D_SVID_SOURCE -D_BSD_SOURCE  -Wall -Wextra -Werror -Wno-free-nonheap-object -Wno-use-after-free -Wstrict-prototypes -Wno-unused-parameter -Wno-tautological-compare -Wno-unreachable-code-return -Wno-sign-compare -Wno-array-bounds -Wno-unused-but-set-variable  -Wno-unused-function -Wno-strict-overflow -Wimplicit-fallthrough=3 -Wno-format-truncation -pedantic -std=gnu99 -pedantic -Wno-unused -fno-builtin-malloc  -c -o /home/rhensen/param-bench/a.out.o /home/rhensen/param-bench/a.out.i
  with exit code 1
Compilation failed while Creating binary code.
Command exited with non-zero status 204
46492,7583228,cn132
2-param.sac,2,4,.385770351,46500,7583228,cn132
2-param.sac,2,5,.382598204,46492,7583228,cn132
2-param.sac,2,6,.387214698,46480,7583228,cn132
2-param.sac,2,7,.388925385,46484,7583228,cn132
2-param.sac,2,8,.399813046,46300,7583228,cn132
2-param.sac,2,9,.382857661,46556,7583228,cn132
2-param.sac,2,10,.336288801,/home/rhensen/param-bench/a.out.c:873:1: error: expected identifier or ‘(’ before ‘.’ token
/home/rhensen/param-bench/a.out.c:873:7: error: missing terminating " character [-Werror]
/home/rhensen/param-bench/a.out.c:873:7: error: missing terminating " character
/home/rhensen/param-bench/a.out.c:888:5: error: expected identifier or ‘(’ before ‘{’ token
/home/rhensen/param-bench/a.out.c:900:5: error: expected identifier or ‘(’ before ‘{’ token
/home/rhensen/param-bench/a.out.c:905:37: error: expected declaration specifiers or ‘...’ before ‘&’ token
/home/rhensen/param-bench/a.out.c:905:48: error: unknown type name ‘SACp_emal_2649__flat_14’
/home/rhensen/param-bench/a.out.c:905:73: error: unknown type name ‘SACp_emal_2649__flat_14__desc’
/home/rhensen/param-bench/a.out.c:905:104: error: unknown type name ‘SACp_emal_2649__flat_14’
/home/rhensen/param-bench/a.out.c:905:129: error: unknown type name ‘SACp_emal_2649__flat_14__desc’
/home/rhensen/param-bench/a.out.c:905:160: error: unknown type name ‘SACp_emal_2649__flat_14’
/home/rhensen/param-bench/a.out.c:905:185: error: unknown type name ‘SACp_emal_2649__flat_14__desc’
/home/rhensen/param-bench/a.out.c:910:5: error: ISO C does not allow extra ‘;’ outside of a function [-Werror=pedantic]
/home/rhensen/param-bench/a.out.c:915:5: error: expected identifier or ‘(’ before ‘{’ token
/home/rhensen/param-bench/a.out.c:916:5: error: expected identifier or ‘(’ before ‘return’
/home/rhensen/param-bench/a.out.c:918:3: error: expected identifier or ‘(’ before ‘}’ token
/home/rhensen/param-bench/a.out.c:922:1: error: expected identifier or ‘(’ before ‘}’ token
/home/rhensen/param-bench/a.out.c:923:1: error: expected identifier or ‘(’ before ‘}’ token
/home/rhensen/param-bench/a.out.c:1008:5: error: redefinition of ‘main’
/home/rhensen/param-bench/a.out.c:846:5: note: previous definition of ‘main’ with type ‘int(int,  char **)’
  846 | int main( int __argc, char *__argv[])
      |     ^~~~
cc1: note: unrecognized command-line option ‘-Wno-unreachable-code-return’ may have been intended to silence earlier diagnostics
cc1: note: unrecognized command-line option ‘-Wno-use-after-free’ may have been intended to silence earlier diagnostics
cc1: all warnings being treated as errors
Abort:
  System failed to execute shell command
  /usr/bin/cc -O3 -ffast-math  -march=native -mtune=native  -pedantic -g -fPIC -D_POSIX_C_SOURCE=200809L -D_DEFAULT_SOURCE -D_SVID_SOURCE -D_BSD_SOURCE  -Wall -Wextra -Werror -Wno-free-nonheap-object -Wno-use-after-free -Wstrict-prototypes -Wno-unused-parameter -Wno-tautological-compare -Wno-unreachable-code-return -Wno-sign-compare -Wno-array-bounds -Wno-unused-but-set-variable  -Wno-unused-function -Wno-strict-overflow -Wimplicit-fallthrough=3 -Wno-format-truncation -pedantic -std=gnu99 -pedantic -Wno-unused -fno-builtin-malloc  -c -o /home/rhensen/param-bench/a.out.o /home/rhensen/param-bench/a.out.i
  with exit code 1
Compilation failed while Creating binary code.
Command exited with non-zero status 204
46440,7583228,cn132
3-param.sac,3,1,.437622890,49316,7583229,cn132
3-param.sac,3,2,.419510058,49368,7583229,cn132
3-param.sac,3,3,.418635182,49436,7583229,cn132
3-param.sac,3,4,.421844819,49312,7583229,cn132
3-param.sac,3,5,.421420441,49360,7583229,cn132
3-param.sac,3,6,.340083981,/home/rhensen/param-bench/a.out.i:2: error: ISO C forbids an empty translation unit [-Werror=pedantic]
cc1: note: unrecognized command-line option ‘-Wno-unreachable-code-return’ may have been intended to silence earlier diagnostics
cc1: note: unrecognized command-line option ‘-Wno-use-after-free’ may have been intended to silence earlier diagnostics
cc1: all warnings being treated as errors
Abort:
  System failed to execute shell command
  /usr/bin/cc -O3 -ffast-math  -march=native -mtune=native  -pedantic -g -fPIC -D_POSIX_C_SOURCE=200809L -D_DEFAULT_SOURCE -D_SVID_SOURCE -D_BSD_SOURCE  -Wall -Wextra -Werror -Wno-free-nonheap-object -Wno-use-after-free -Wstrict-prototypes -Wno-unused-parameter -Wno-tautological-compare -Wno-unreachable-code-return -Wno-sign-compare -Wno-array-bounds -Wno-unused-but-set-variable  -Wno-unused-function -Wno-strict-overflow -Wimplicit-fallthrough=3 -Wno-format-truncation -pedantic -std=gnu99 -pedantic -Wno-unused -fno-builtin-malloc  -c -o /home/rhensen/param-bench/a.out.o /home/rhensen/param-bench/a.out.i
  with exit code 1
Compilation failed while Creating binary code.
Command exited with non-zero status 204
49392,7583229,cn132
3-param.sac,3,7,.431645865,49432,7583229,cn132
3-param.sac,3,8,.423796449,49368,7583229,cn132
3-param.sac,3,9,.351574846,In file included from /usr/include/stdio.h:894,
                 from /usr/include/hwloc.h:59,
                 from /home/rhensen/sacoriginal/sac2c/build_p/include/libsac/hwloc/cpubind.h:9,
                 from /home/rhensen/sacoriginal/sac2c/build_p/include/runtime/hwloc_h/cpubind.h:42,
                 from /home/rhensen/sacoriginal/sac2c/build_p/include/sac.h:63,
                 from /home/rhensen/param-bench/a.out.c:274:
/usr/include/x86_64-linux-gnu/bits/stdio2.h:144: error: expected identifier or ‘(’ before ‘SAC_array_descriptor_t’
  144 | 
      | 
In file included from /usr/include/stdio.h:894,
                 from /usr/include/hwloc.h:59,
                 from /home/rhensen/sacoriginal/sac2c/build_p/include/libsac/hwloc/cpubind.h:9,
                 from /home/rhensen/sacoriginal/sac2c/build_p/include/runtime/hwloc_h/cpubind.h:42,
                 from /home/rhensen/sacoriginal/sac2c/build_p/include/sac.h:63,
                 from /home/rhensen/param-bench/a.out.c:274:
/home/rhensen/param-bench/a.out.c: In function ‘SACwf__MAIN__main’:
/home/rhensen/param-bench/a.out.c:802:5: error: implicit declaration of function ‘SACf__MAIN__main’; did you mean ‘SACwf__MAIN__main’? [-Werror=implicit-function-declaration]
  802 | 
      |     ^               
      |     SACwf__MAIN__main
In file included from /usr/include/stdio.h:894,
                 from /usr/include/hwloc.h:59,
                 from /home/rhensen/sacoriginal/sac2c/build_p/include/libsac/hwloc/cpubind.h:9,
                 from /home/rhensen/sacoriginal/sac2c/build_p/include/runtime/hwloc_h/cpubind.h:42,
                 from /home/rhensen/sacoriginal/sac2c/build_p/include/sac.h:63,
                 from /home/rhensen/param-bench/a.out.c:274:
/home/rhensen/param-bench/a.out.c: At top level:
/home/rhensen/param-bench/a.out.c:830:6: error: conflicting types for ‘SACf__MAIN__main’; have ‘void(int *)’ [-Werror]
  830 |     SAC_ND_DECL_CONST__DATA((SACp_emal_2261__dl_364, (SCL, (NHD, (NUQ, (INT, (GLO, (NON, (NOT, (INT, ))))))))), int, 20)
      |      ^~~~~~~~~~~~~~~~
In file included from /usr/include/stdio.h:894,
                 from /usr/include/hwloc.h:59,
                 from /home/rhensen/sacoriginal/sac2c/build_p/include/libsac/hwloc/cpubind.h:9,
                 from /home/rhensen/sacoriginal/sac2c/build_p/include/runtime/hwloc_h/cpubind.h:42,
                 from /home/rhensen/sacoriginal/sac2c/build_p/include/sac.h:63,
                 from /home/rhensen/param-bench/a.out.c:274:
/home/rhensen/param-bench/a.out.c:802:5: note: previous implicit declaration of ‘SACf__MAIN__main’ with type ‘void(int *)’
  802 | 
      |     ^               
In file included from /usr/include/stdio.h:894,
                 from /usr/include/hwloc.h:59,
                 from /home/rhensen/sacoriginal/sac2c/build_p/include/libsac/hwloc/cpubind.h:9,
                 from /home/rhensen/sacoriginal/sac2c/build_p/include/runtime/hwloc_h/cpubind.h:42,
                 from /home/rhensen/sacoriginal/sac2c/build_p/include/sac.h:63,
                 from /home/rhensen/param-bench/a.out.c:274:
/home/rhensen/param-bench/a.out.c: In function ‘SACf__MAIN__main’:
/home/rhensen/param-bench/a.out.c:854:724: error: ‘SAC_HM_arenas’ undeclared (first use in this function); did you mean ‘SAC_HM_arena_t’?
  854 |   SAC_PF_SETUP();
      |                                                                                                                                                                                                                                                                                                                                                                                                                                                                                                                                                                                                                                                                                                                                                    ^            
      |                                                                                                                                                                                                                                                                                                                                                                                                                                                                                                                                                                                                                                                                                                                                                    SAC_HM_arena_t
/home/rhensen/param-bench/a.out.c:854:724: note: each undeclared identifier is reported only once for each function it appears in
In file included from /usr/include/stdio.h:894,
                 from /usr/include/hwloc.h:59,
                 from /home/rhensen/sacoriginal/sac2c/build_p/include/libsac/hwloc/cpubind.h:9,
                 from /home/rhensen/sacoriginal/sac2c/build_p/include/runtime/hwloc_h/cpubind.h:42,
                 from /home/rhensen/sacoriginal/sac2c/build_p/include/sac.h:63,
                 from /home/rhensen/param-bench/a.out.c:274:
/home/rhensen/param-bench/a.out.c: In function ‘SACf__MAIN__foo__i_1__i_1__i_1’:
/home/rhensen/param-bench/a.out.c:965:1286: error: ‘SAC_HM_arenas’ undeclared (first use in this function); did you mean ‘SAC_HM_arena_t’?
/usr/include/stdio.h: At top level:
cc1: note: unrecognized command-line option ‘-Wno-unreachable-code-return’ may have been intended to silence earlier diagnostics
cc1: note: unrecognized command-line option ‘-Wno-use-after-free’ may have been intended to silence earlier diagnostics
cc1: all warnings being treated as errors
Abort:
  System failed to execute shell command
  /usr/bin/cc -O3 -ffast-math  -march=native -mtune=native  -pedantic -g -fPIC -D_POSIX_C_SOURCE=200809L -D_DEFAULT_SOURCE -D_SVID_SOURCE -D_BSD_SOURCE  -Wall -Wextra -Werror -Wno-free-nonheap-object -Wno-use-after-free -Wstrict-prototypes -Wno-unused-parameter -Wno-tautological-compare -Wno-unreachable-code-return -Wno-sign-compare -Wno-array-bounds -Wno-unused-but-set-variable  -Wno-unused-function -Wno-strict-overflow -Wimplicit-fallthrough=3 -Wno-format-truncation -pedantic -std=gnu99 -pedantic -Wno-unused -fno-builtin-malloc  -c -o /home/rhensen/param-bench/a.out.o /home/rhensen/param-bench/a.out.i
  with exit code 1
Compilation failed while Creating binary code.
Command exited with non-zero status 204
49576,7583229,cn132
3-param.sac,3,10,.431505721,49396,7583229,cn132
4-param.sac,4,1,.466660800,56748,7583230,cn132
4-param.sac,4,2,.455388807,56684,7583230,cn132
4-param.sac,4,3,.459836082,56648,7583230,cn132
4-param.sac,4,4,.461354879,56896,7583230,cn132
4-param.sac,4,5,.456260877,56808,7583230,cn132
4-param.sac,4,6,.455535221,56912,7583230,cn132
4-param.sac,4,7,.473058444,56832,7583230,cn132
4-param.sac,4,8,.458420890,56808,7583230,cn132
4-param.sac,4,9,.462520661,56980,7583230,cn132
4-param.sac,4,10,.457844886,56872,7583230,cn132
5-param.sac,5,1,.655445497,81340,7583231,cn132
5-param.sac,5,2,.640178609,81272,7583231,cn132
5-param.sac,5,3,.644993855,81180,7583231,cn132
5-param.sac,5,4,.646317947,81184,7583231,cn132
5-param.sac,5,5,.653262810,81276,7583231,cn132
5-param.sac,5,6,.582529817,/home/rhensen/param-bench/a.out.c:1099:1: error: expected identifier or ‘(’ before ‘)’ token
/home/rhensen/param-bench/a.out.c:1099:288: error: expected identifier or ‘(’ before ‘else’
/home/rhensen/param-bench/a.out.c:1099:1466: error: expected identifier or ‘(’ before ‘}’ token
/home/rhensen/param-bench/a.out.c:1099:1468: error: expected identifier or ‘(’ before ‘}’ token
/home/rhensen/param-bench/a.out.c:1099:1470: error: expected identifier or ‘(’ before ‘}’ token
/home/rhensen/param-bench/a.out.c:1099:1472: error: expected identifier or ‘(’ before ‘{’ token
/home/rhensen/param-bench/a.out.c:1099:1585: error: expected identifier or ‘(’ before ‘}’ token
/home/rhensen/param-bench/a.out.c:1099:1587: error: expected identifier or ‘(’ before ‘}’ token
/home/rhensen/param-bench/a.out.c:1099:1589: error: expected identifier or ‘(’ before ‘else’
/home/rhensen/param-bench/a.out.c:1099:1598: error: expected identifier or ‘(’ before ‘}’ token
/home/rhensen/param-bench/a.out.c:1100:5: error: expected identifier or ‘(’ before ‘{’ token
/home/rhensen/param-bench/a.out.c:1101:5: error: ISO C does not allow extra ‘;’ outside of a function [-Werror=pedantic]
/home/rhensen/param-bench/a.out.c:1101:7: error: ISO C does not allow extra ‘;’ outside of a function [-Werror=pedantic]
/home/rhensen/param-bench/a.out.c:1101:9: error: expected identifier or ‘(’ before ‘{’ token
/home/rhensen/param-bench/a.out.c:1101:132: error: ISO C does not allow extra ‘;’ outside of a function [-Werror=pedantic]
/home/rhensen/param-bench/a.out.c:1102:5: error: expected identifier or ‘(’ before ‘{’ token
/home/rhensen/param-bench/a.out.c:1103:5: error: ISO C does not allow extra ‘;’ outside of a function [-Werror=pedantic]
/home/rhensen/param-bench/a.out.c:1103:7: error: ISO C does not allow extra ‘;’ outside of a function [-Werror=pedantic]
/home/rhensen/param-bench/a.out.c:1103:9: error: expected identifier or ‘(’ before ‘{’ token
/home/rhensen/param-bench/a.out.c:1103:132: error: ISO C does not allow extra ‘;’ outside of a function [-Werror=pedantic]
/home/rhensen/param-bench/a.out.c:1104:5: error: expected identifier or ‘(’ before ‘{’ token
/home/rhensen/param-bench/a.out.c:1105:5: error: ISO C does not allow extra ‘;’ outside of a function [-Werror=pedantic]
/home/rhensen/param-bench/a.out.c:1105:7: error: ISO C does not allow extra ‘;’ outside of a function [-Werror=pedantic]
/home/rhensen/param-bench/a.out.c:1105:9: error: expected identifier or ‘(’ before ‘{’ token
/home/rhensen/param-bench/a.out.c:1105:132: error: ISO C does not allow extra ‘;’ outside of a function [-Werror=pedantic]
/home/rhensen/param-bench/a.out.c:1106:5: error: expected identifier or ‘(’ before ‘{’ token
/home/rhensen/param-bench/a.out.c:1107:5: error: ISO C does not allow extra ‘;’ outside of a function [-Werror=pedantic]
/home/rhensen/param-bench/a.out.c:1107:7: error: ISO C does not allow extra ‘;’ outside of a function [-Werror=pedantic]
/home/rhensen/param-bench/a.out.c:1107:9: error: expected identifier or ‘(’ before ‘{’ token
/home/rhensen/param-bench/a.out.c:1107:132: error: ISO C does not allow extra ‘;’ outside of a function [-Werror=pedantic]
/home/rhensen/param-bench/a.out.c:1108:5: error: expected identifier or ‘(’ before ‘{’ token
/home/rhensen/param-bench/a.out.c:1109:5: error: ISO C does not allow extra ‘;’ outside of a function [-Werror=pedantic]
/home/rhensen/param-bench/a.out.c:1109:7: error: ISO C does not allow extra ‘;’ outside of a function [-Werror=pedantic]
/home/rhensen/param-bench/a.out.c:1109:9: error: expected identifier or ‘(’ before ‘{’ token
/home/rhensen/param-bench/a.out.c:1109:132: error: ISO C does not allow extra ‘;’ outside of a function [-Werror=pedantic]
/home/rhensen/param-bench/a.out.c:1110:5: error: expected identifier or ‘(’ before ‘{’ token
/home/rhensen/param-bench/a.out.c:1114:5: error: expected identifier or ‘(’ before ‘{’ token
/home/rhensen/param-bench/a.out.c:1115:5: error: expected identifier or ‘(’ before ‘return’
/home/rhensen/param-bench/a.out.c:1117:3: error: expected identifier or ‘(’ before ‘}’ token
/home/rhensen/param-bench/a.out.c:1121:1: error: expected identifier or ‘(’ before ‘}’ token
/home/rhensen/param-bench/a.out.c:1122:1: error: expected identifier or ‘(’ before ‘}’ token
/home/rhensen/param-bench/a.out.c:1124:5: error: redefinition of ‘main’
/home/rhensen/param-bench/a.out.c:1072:5: note: previous definition of ‘main’ with type ‘int(int,  char **)’
 1072 | int main( int __argc, char *__argv[])
      |     ^~~~
cc1: note: unrecognized command-line option ‘-Wno-unreachable-code-return’ may have been intended to silence earlier diagnostics
cc1: note: unrecognized command-line option ‘-Wno-use-after-free’ may have been intended to silence earlier diagnostics
cc1: all warnings being treated as errors
Abort:
  System failed to execute shell command
  /usr/bin/cc -O3 -ffast-math  -march=native -mtune=native  -pedantic -g -fPIC -D_POSIX_C_SOURCE=200809L -D_DEFAULT_SOURCE -D_SVID_SOURCE -D_BSD_SOURCE  -Wall -Wextra -Werror -Wno-free-nonheap-object -Wno-use-after-free -Wstrict-prototypes -Wno-unused-parameter -Wno-tautological-compare -Wno-unreachable-code-return -Wno-sign-compare -Wno-array-bounds -Wno-unused-but-set-variable  -Wno-unused-function -Wno-strict-overflow -Wimplicit-fallthrough=3 -Wno-format-truncation -pedantic -std=gnu99 -pedantic -Wno-unused -fno-builtin-malloc  -c -o /home/rhensen/param-bench/a.out.o /home/rhensen/param-bench/a.out.i
  with exit code 1
Compilation failed while Creating binary code.
Command exited with non-zero status 204
81276,7583231,cn132
5-param.sac,5,7,.645699953,81356,7583231,cn132
5-param.sac,5,8,.645330008,81084,7583231,cn132
5-param.sac,5,9,.653730759,81264,7583231,cn132
5-param.sac,5,10,.641762176,81192,7583231,cn132
6-param.sac,6,1,1.775089321,164152,7583232,cn132
6-param.sac,6,2,1.758142811,/home/rhensen/param-bench/a.out.c: In function ‘SACf__MAIN__foo__i_1__i_1__i_1__i_1__i_1’:
/home/rhensen/param-bench/a.out.c:1041:640: error: expected ‘)’ before ‘{’ token
 1041 |     SAC_ND_DEC_RC_FREE((SACl_b, (AKS, (NHD, (NUQ, (INT, (GLO, (FPM, (NOT, (INT, ))))))))), 1, )
      |                                                                                                                                                                                                                                                                                                                                                                                                                                                                                                                                                                                                                                                                ^ 
      |                                                                                                                                                                                                                                                                                                                                                                                                                                                                                                                                                                                                                                                                )
/home/rhensen/param-bench/a.out.c:1041:2293: error: expected ‘)’ before ‘}’ token
 1041 |     SAC_ND_DEC_RC_FREE((SACl_b, (AKS, (NHD, (NUQ, (INT, (GLO, (FPM, (NOT, (INT, ))))))))), 1, )
      |                                                                                                                                                                                                                                                                                                                                                                                                                                                                                                                                                                                                                                                                                                                                                                                                                                                                                                                                                                                                                                                                                                                                                                                                                                                                                                                                                                                                                                                                                                                                                                                                                                                                                                                                                                                                                                                                                                                                                                                                                                                                                                                                                                                                                                                                                                                                                                                     ^ 
      |                                                                                                                                                                                                                                                                                                                                                                                                                                                                                                                                                                                                                                                                                                                                                                                                                                                                                                                                                                                                                                                                                                                                                                                                                                                                                                                                                                                                                                                                                                                                                                                                                                                                                                                                                                                                                                                                                                                                                                                                                                                                                                                                                                                                                                                                                                                                                                                     )
/home/rhensen/param-bench/a.out.c:1041:2293: error: expected ‘)’ before ‘}’ token
 1041 |     SAC_ND_DEC_RC_FREE((SACl_b, (AKS, (NHD, (NUQ, (INT, (GLO, (FPM, (NOT, (INT, ))))))))), 1, )
      |                                                                                                                                                                                                                                                                                                                                                                                                                                                                                                                                                                                                                                                                                                                                                                                                                                                                                                                                                                                                                                                                                                                                                                                                                                                                                                                                                                                                                                                                                                                                                                                                                                                                                                                                                                                                                                                                                                                                                                                                                                                                                                                                                                                                                                                                                                                                                                                     ^ 
      |                                                                                                                                                                                                                                                                                                                                                                                                                                                                                                                                                                                                                                                                                                                                                                                                                                                                                                                                                                                                                                                                                                                                                                                                                                                                                                                                                                                                                                                                                                                                                                                                                                                                                                                                                                                                                                                                                                                                                                                                                                                                                                                                                                                                                                                                                                                                                                                     )
/home/rhensen/param-bench/a.out.c:1041:597: error: passing argument 2 of ‘SAC_HM_FreeSmallChunk’ makes pointer from integer without a cast [-Werror=int-conversion]
 1041 |     SAC_ND_DEC_RC_FREE((SACl_b, (AKS, (NHD, (NUQ, (INT, (GLO, (FPM, (NOT, (INT, ))))))))), 1, )
      |                                                                                                                                                                                                                                                                                                                                                                                                                                                                                                                                                                                                                     ^                                                                                                                                                                                                                                                                                                                                                                                                                                                                                                                                                                                                                                                                                                                                                                                                                                                                                                                                                                                                                                                                                                                                                                                                                                                                                                                                                                                                                                                                                                                                                                                                                                                                                                                                                                 
      |                                                                                                                                                                                                                                                                                                                                                                                                                                                                                                                                                                                                                     |
      |                                                                                                                                                                                                                                                                                                                                                                                                                                                                                                                                                                                                                     int
In file included from /home/rhensen/sacoriginal/sac2c/build_p/include/runtime/essentials_h/std.h:30,
                 from /home/rhensen/sacoriginal/sac2c/build_p/include/sac.h:46,
                 from /home/rhensen/param-bench/a.out.c:274:
/home/rhensen/sacoriginal/sac2c/build_p/include/runtime/phm_h/phm.h:334:75: note: expected ‘SAC_HM_arena_t *’ {aka ‘struct arena_t *’} but argument is of type ‘int’
  334 | SAC_C_EXTERN void SAC_HM_FreeSmallChunk (SAC_HM_header_t *addr, SAC_HM_arena_t *arena);
      |                                                           ~~~~~~~~~~~~~~~~^~~~~
/home/rhensen/param-bench/a.out.c:1041:2293: error: expected ‘;’ before ‘}’ token
 1041 |     SAC_ND_DEC_RC_FREE((SACl_b, (AKS, (NHD, (NUQ, (INT, (GLO, (FPM, (NOT, (INT, ))))))))), 1, )
      |                                                                                                                                                                                                                                                                                                                                                                                                                                                                                                                                                                                                                                                                                                                                                                                                                                                                                                                                                                                                                                                                                                                                                                                                                                                                                                                                                                                                                                                                                                                                                                                                                                                                                                                                                                                                                                                                                                                                                                                                                                                                                                                                                                                                                                                                                                                                                                                     ^ 
      |                                                                                                                                                                                                                                                                                                                                                                                                                                                                                                                                                                                                                                                                                                                                                                                                                                                                                                                                                                                                                                                                                                                                                                                                                                                                                                                                                                                                                                                                                                                                                                                                                                                                                                                                                                                                                                                                                                                                                                                                                                                                                                                                                                                                                                                                                                                                                                                     ;
/home/rhensen/param-bench/a.out.c:1041:2415: error: ‘else’ without a previous ‘if’
 1041 |     SAC_ND_DEC_RC_FREE((SACl_b, (AKS, (NHD, (NUQ, (INT, (GLO, (FPM, (NOT, (INT, ))))))))), 1, )
      |                                                                                                                                                                                                                                                                                                                                                                                                                                                                                                                                                                                                                                                                                                                                                                                                                                                                                                                                                                                                                                                                                                                                                                                                                                                                                                                                                                                                                                                                                                                                                                                                                                                                                                                                                                                                                                                                                                                                                                                                                                                                                                                                                                                                                                                                                                                                                                                                                                                                                                               ^   
/home/rhensen/param-bench/a.out.c:1055:7: error: ‘SACp_emal_22530__pinl_19971__mose_74’ undeclared (first use in this function); did you mean ‘SACp_emal_8356__pinl_5872__mose_74’?
 1055 |     SAC_ND_PRF_SxS__DATA((SACp_emal_8359__pinl_5806__mose_74, (SCL, (NHD, (NUQ, (INT, (GLO, (NON, (NOT, (INT, ))))))))), T_int, SAC_ND_PRF_ADD, SAC_ND_READ((SACp_emal_8359__pinl_5806__mose_74, (SCL, (NHD, (NUQ, (INT, (GLO, (NON, (NOT, (INT, ))))))))), 0), SAC_ND_READ((SACp_emal_8358__pinl_5828__mose_74, (SCL, (NHD, (NUQ, (INT, (GLO, (NON, (NOT, (INT, ))))))))), 0))
      |       ^~~~~~~~~~~~~~~~~~~~~~~~~~~~~~~~~~~~
      |       SACp_emal_8356__pinl_5872__mose_74
/home/rhensen/param-bench/a.out.c:1055:7: note: each undeclared identifier is reported only once for each function it appears in
/home/rhensen/param-bench/a.out.c:1055:55: error: ‘SACp_emal_22535__flat_18’ undeclared (first use in this function); did you mean ‘SACp_emal_8361__flat_15’?
 1055 |     SAC_ND_PRF_SxS__DATA((SACp_emal_8359__pinl_5806__mose_74, (SCL, (NHD, (NUQ, (INT, (GLO, (NON, (NOT, (INT, ))))))))), T_int, SAC_ND_PRF_ADD, SAC_ND_READ((SACp_emal_8359__pinl_5806__mose_74, (SCL, (NHD, (NUQ, (INT, (GLO, (NON, (NOT, (INT, ))))))))), 0), SAC_ND_READ((SACp_emal_8358__pinl_5828__mose_74, (SCL, (NHD, (NUQ, (INT, (GLO, (NON, (NOT, (INT, ))))))))), 0))
      |                                                       ^~~~~~~~~~~~~~~~~~~~~~~~
      |                                                       SACp_emal_8361__flat_15
/home/rhensen/param-bench/a.out.c:1063:7: error: ‘SACp_emal_22529__pinl_19993__mose_74’ undeclared (first use in this function); did you mean ‘SACp_emal_8359__pinl_5806__mose_74’?
 1063 |     return;
      |       ^~~~~                               
      |       SACp_emal_8359__pinl_5806__mose_74
/home/rhensen/param-bench/a.out.c:1069:11: error: ‘SACp_emal_22531__pinl_19949__mose_74’ undeclared (first use in this function); did you mean ‘SACp_emal_8356__pinl_5872__mose_74’?
 1069 | }
      |           ^                                   
      |           SACp_emal_8356__pinl_5872__mose_74
/home/rhensen/param-bench/a.out.c:1071:11: error: ‘SACp_emal_22532__pinl_19927__mose_74’ undeclared (first use in this function); did you mean ‘SACp_emal_8356__pinl_5872__mose_74’?
 1071 | 
      |           ^                                   
      |           SACp_emal_8356__pinl_5872__mose_74
/home/rhensen/param-bench/a.out.c:1073:11: error: ‘SACp_emal_22533__pinl_19905__mose_74’ undeclared (first use in this function); did you mean ‘SACp_emal_8357__pinl_5850__mose_74’?
 1073 | {
      |           ^                                   
      |           SACp_emal_8357__pinl_5850__mose_74
/home/rhensen/param-bench/a.out.c:1075:11: error: ‘SACp_emal_22534__pinl_19883__mose_74’ undeclared (first use in this function); did you mean ‘SACp_emal_8356__pinl_5872__mose_74’?
 1075 |   SAC_ND_DECL__DESC( (SAC_res, (SCL, (NHD, (NUQ, (INT, (GLO, (NON, (NOT, (INT, ))))))))), )
      |           ^~~~~~~~~~~~~~~~~~~~~~~~~~~~~~~~~~~~
      |           SACp_emal_8356__pinl_5872__mose_74
/home/rhensen/param-bench/a.out.c:1090:1: error: ISO C forbids nested functions [-Werror=pedantic]
 1090 |   SAC_CS_FINALIZE();
      | ^ ~
/home/rhensen/param-bench/a.out.c:1090:5: error: ‘main’ is normally a non-static function [-Werror=main]
 1090 |   SAC_CS_FINALIZE();
      |     ^~~~
/home/rhensen/param-bench/a.out.c:1116:1: error: expected declaration or statement at end of input
/home/rhensen/param-bench/a.out.c:1116:1: error: expected declaration or statement at end of input
/home/rhensen/param-bench/a.out.c:1116:1: error: expected declaration or statement at end of input
/home/rhensen/param-bench/a.out.c: At top level:
cc1: note: unrecognized command-line option ‘-Wno-unreachable-code-return’ may have been intended to silence earlier diagnostics
cc1: note: unrecognized command-line option ‘-Wno-use-after-free’ may have been intended to silence earlier diagnostics
cc1: all warnings being treated as errors
Abort:
  System failed to execute shell command
  /usr/bin/cc -O3 -ffast-math  -march=native -mtune=native  -pedantic -g -fPIC -D_POSIX_C_SOURCE=200809L -D_DEFAULT_SOURCE -D_SVID_SOURCE -D_BSD_SOURCE  -Wall -Wextra -Werror -Wno-free-nonheap-object -Wno-use-after-free -Wstrict-prototypes -Wno-unused-parameter -Wno-tautological-compare -Wno-unreachable-code-return -Wno-sign-compare -Wno-array-bounds -Wno-unused-but-set-variable  -Wno-unused-function -Wno-strict-overflow -Wimplicit-fallthrough=3 -Wno-format-truncation -pedantic -std=gnu99 -pedantic -Wno-unused -fno-builtin-malloc  -c -o /home/rhensen/param-bench/a.out.o /home/rhensen/param-bench/a.out.i
  with exit code 1
Compilation failed while Creating binary code.
Command exited with non-zero status 204
164384,7583232,cn132
6-param.sac,6,3,1.834503940,164380,7583232,cn132
6-param.sac,6,4,1.836309203,164224,7583232,cn132
6-param.sac,6,5,1.803443057,164292,7583232,cn132
6-param.sac,6,6,1.770924988,164296,7583232,cn132
6-param.sac,6,7,1.771889049,164220,7583232,cn132
6-param.sac,6,8,1.776640495,164204,7583232,cn132
6-param.sac,6,9,1.779229783,164408,7583232,cn132
6-param.sac,6,10,1.780879605,164316,7583232,cn132
7-param.sac,7,1,10.287038915,507508,7583233,cn132
7-param.sac,7,2,10.280827695,507664,7583233,cn132
7-param.sac,7,3,10.275772623,507680,7583233,cn132
7-param.sac,7,4,10.312419623,507840,7583233,cn132
7-param.sac,7,5,10.156567658,507760,7583233,cn132
7-param.sac,7,6,10.214893091,507768,7583233,cn132
7-param.sac,7,7,10.172111228,507772,7583233,cn132
7-param.sac,7,8,10.195016749,507744,7583233,cn132
7-param.sac,7,9,10.349522984,507724,7583233,cn132
7-param.sac,7,10,10.329102601,507760,7583233,cn132
8-param.sac,8,1,87.886519194,1678000,7583234,cn132
8-param.sac,8,2,87.542051562,1678208,7583234,cn132
8-param.sac,8,3,86.866791908,1678048,7583234,cn132
8-param.sac,8,4,88.888730994,1678024,7583234,cn132
8-param.sac,8,5,86.222986458,1678024,7583234,cn132
8-param.sac,8,6,86.110944690,1677964,7583234,cn132
8-param.sac,8,7,88.469251503,1677976,7583234,cn132
8-param.sac,8,8,86.142105708,1678032,7583234,cn132
8-param.sac,8,9,86.347341326,1678056,7583234,cn132
8-param.sac,8,10,86.609808164,1678040,7583234,cn132
9-param.sac,9,1,1131.252169282,5751376,7583235,cn132
9-param.sac,9,2,1155.940538290,5755180,7583235,cn132
9-param.sac,9,3,1159.112714182,5755228,7583235,cn132
9-param.sac,9,4,1133.828468506,5755328,7583235,cn132
9-param.sac,9,5,1155.583482827,5755172,7583235,cn132
9-param.sac,9,6,1165.150634318,5755112,7583235,cn132
11-param.sac,11,1,406.119345424,Command terminated by signal 9
41792668,7583237,cn132
11-param.sac,11,2,410.462670869,Command terminated by signal 9
41767172,7583237,cn132
11-param.sac,11,3,399.659083615,Command terminated by signal 9
41703000,7583237,cn132
11-param.sac,11,4,413.334736378,Command terminated by signal 9
41868520,7583237,cn132
11-param.sac,11,5,400.729805506,Command terminated by signal 9
41775836,7583237,cn132
11-param.sac,11,6,418.170130629,Command terminated by signal 9
41868656,7583237,cn132
11-param.sac,11,7,398.880561773,Command terminated by signal 9
41718520,7583237,cn132
11-param.sac,11,8,391.263202073,Command terminated by signal 9
41679028,7583237,cn132
11-param.sac,11,9,407.482333226,Command terminated by signal 9
41855260,7583237,cn132
11-param.sac,11,10,392.860000957,Command terminated by signal 9
41712864,7583237,cn132
12-param.sac,12,1,625.562397043,Command terminated by signal 9
41868168,7583238,cn132
12-param.sac,12,2,565.027289113,Command terminated by signal 9
41868248,7583238,cn132
12-param.sac,12,3,637.021361180,Command terminated by signal 9
41868224,7583238,cn132
12-param.sac,12,4,717.061119205,Command terminated by signal 9
41868244,7583238,cn132
12-param.sac,12,5,447.245947471,Command terminated by signal 9
41868372,7583238,cn132
12-param.sac,12,6,357.294054227,Command terminated by signal 9
41868112,7583238,cn132
12-param.sac,12,7,334.427271931,Command terminated by signal 9
41867116,7583238,cn132
12-param.sac,12,8,558.038943748,Command terminated by signal 9
41866208,7583238,cn132
12-param.sac,12,9,350.710802535,Command terminated by signal 9
41866472,7583238,cn132
12-param.sac,12,10,493.820056951,Command terminated by signal 9
41866480,7583238,cn132
13-param.sac,13,1,661.038461553,Command terminated by signal 9
41842036,7583239,cn132
13-param.sac,13,2,356.312111205,Command terminated by signal 9
41867368,7583239,cn132
13-param.sac,13,3,335.869679692,Command terminated by signal 9
41866464,7583239,cn132
13-param.sac,13,4,173.825865882,Command terminated by signal 9
41867740,7583239,cn132
13-param.sac,13,5,54.751906065,Command terminated by signal 9
41867932,7583239,cn132
13-param.sac,13,6,330.999145851,Command terminated by signal 9
41866136,7583239,cn132
13-param.sac,13,7,347.953333716,Command terminated by signal 9
41867916,7583239,cn132
13-param.sac,13,8,889.094258352,Command terminated by signal 9
41865952,7583239,cn132
13-param.sac,13,9,135.670489995,Command terminated by signal 9
41865904,7583239,cn132
13-param.sac,13,10,101.476928344,Command terminated by signal 9
41860936,7583239,cn132
14-param.sac,14,1,116.580923695,Command terminated by signal 9
41867128,7583240,cn132
14-param.sac,14,2,219.195178332,Command terminated by signal 9
41863236,7583240,cn132
14-param.sac,14,3,231.359912824,Command terminated by signal 9
41866372,7583240,cn132
14-param.sac,14,4,357.753144425,Command terminated by signal 9
41868000,7583240,cn132
14-param.sac,14,5,564.471579881,Command terminated by signal 9
41861224,7583240,cn132
14-param.sac,14,6,329.965279059,Command terminated by signal 9
41865980,7583240,cn132
14-param.sac,14,7,571.849109479,Command terminated by signal 9
41868172,7583240,cn132
14-param.sac,14,8,269.640792907,Command terminated by signal 9
41866452,7583240,cn132
14-param.sac,14,9,194.610555688,Command terminated by signal 9
41866404,7583240,cn132
14-param.sac,14,10,197.793937815,Command terminated by signal 9
41866096,7583240,cn132
15-param.sac,15,1,701.951856146,Command terminated by signal 9
41866452,7583241,cn132
15-param.sac,15,2,912.930751739,Command terminated by signal 9
41860204,7583241,cn132
15-param.sac,15,3,592.572408780,Command terminated by signal 9
41861468,7583241,cn132
15-param.sac,15,4,348.913913743,Command terminated by signal 9
41861140,7583241,cn132
15-param.sac,15,5,90.768529824,Command terminated by signal 9
41861340,7583241,cn132
15-param.sac,15,6,55.563563742,Command terminated by signal 9
41861504,7583241,cn132
15-param.sac,15,7,294.358836004,Command terminated by signal 9
41861340,7583241,cn132
15-param.sac,15,8,165.328532791,Command terminated by signal 9
41861960,7583241,cn132
15-param.sac,15,9,283.072034228,Command terminated by signal 9
41862840,7583241,cn132
15-param.sac,15,10,96.286856336,Command terminated by signal 9
41861328,7583241,cn132
16-param.sac,16,1,136.192137054,Command terminated by signal 9
41866708,7583242,cn132
16-param.sac,16,2,384.319385422,Command terminated by signal 9
41790464,7583242,cn132
16-param.sac,16,3,295.027592438,Command terminated by signal 9
41861012,7583242,cn132
16-param.sac,16,4,193.020280251,Command terminated by signal 9
41867272,7583242,cn132
16-param.sac,16,5,74.879005346,Command terminated by signal 9
41860968,7583242,cn132
16-param.sac,16,6,57.967175612,Command terminated by signal 9
41860780,7583242,cn132
16-param.sac,16,7,45.170445375,Command terminated by signal 9
41860840,7583242,cn132
16-param.sac,16,8,299.792691035,Command terminated by signal 9
41860984,7583242,cn132
16-param.sac,16,9,230.064974527,Command terminated by signal 9
41861432,7583242,cn132
16-param.sac,16,10,595.791012234,Command terminated by signal 9
41867912,7583242,cn132
17-param.sac,17,1,45.496461013,Command terminated by signal 9
41860792,7583243,cn132
17-param.sac,17,2,359.863806050,Command terminated by signal 9
41860636,7583243,cn132
17-param.sac,17,3,170.283596093,Command terminated by signal 9
41860780,7583243,cn132
17-param.sac,17,4,93.572571992,Command terminated by signal 9
41860548,7583243,cn132
17-param.sac,17,5,52.344401558,Command terminated by signal 9
41860960,7583243,cn132
17-param.sac,17,6,47.979282614,Command terminated by signal 9
41860848,7583243,cn132
17-param.sac,17,7,75.441814297,Command terminated by signal 9
41860736,7583243,cn132
17-param.sac,17,8,58.247837649,Command terminated by signal 9
41861152,7583243,cn132
17-param.sac,17,9,45.773540397,Command terminated by signal 9
41861104,7583243,cn132
17-param.sac,17,10,300.231271356,Command terminated by signal 9
41860360,7583243,cn132
18-param.sac,18,1,175.769847869,Command terminated by signal 9
41861052,7583244,cn132
18-param.sac,18,2,51.938331925,Command terminated by signal 9
41860204,7583244,cn132
18-param.sac,18,3,92.502736761,Command terminated by signal 9
41860316,7583244,cn132
18-param.sac,18,4,252.939724524,Command terminated by signal 9
41861156,7583244,cn132
18-param.sac,18,5,249.591277831,Command terminated by signal 9
41860644,7583244,cn132
18-param.sac,18,6,292.613105633,Command terminated by signal 9
41860952,7583244,cn132
18-param.sac,18,7,165.342414042,Command terminated by signal 9
41861208,7583244,cn132
18-param.sac,18,8,405.432815575,Command terminated by signal 9
41860940,7583244,cn132
18-param.sac,18,9,296.310234198,Command terminated by signal 9
41860800,7583244,cn132
18-param.sac,18,10,387.427929610,Command terminated by signal 9
41860716,7583244,cn132
19-param.sac,19,1,457.116474161,Command terminated by signal 9
41860928,7583245,cn132
19-param.sac,19,2,404.461623797,Command terminated by signal 9
41862284,7583245,cn132
19-param.sac,19,3,441.566185164,Command terminated by signal 9
41867824,7583245,cn132
19-param.sac,19,4,610.497599058,Command terminated by signal 9
41861092,7583245,cn132
19-param.sac,19,5,532.999595816,Command terminated by signal 9
41860748,7583245,cn132
19-param.sac,19,6,510.927098973,Command terminated by signal 9
41861060,7583245,cn132
19-param.sac,19,7,483.552885608,Command terminated by signal 9
41860884,7583245,cn132
19-param.sac,19,8,477.107963776,Command terminated by signal 9
41861272,7583245,cn132
19-param.sac,19,9,454.634124889,Command terminated by signal 9
41861272,7583245,cn132
19-param.sac,19,10,462.131988853,Command terminated by signal 9
41860880,7583245,cn132
