filename,param_count,run,compilation_time,max_memory_kb,job_id,node
14-param.sac,14,1,.392577690,/home/rhensen/param-bench/a.out.c:618:7: error: ""/ho" is not a valid filename
  618 | 
      |        
/home/rhensen/param-bench/a.out.c: In function ‘SACf__MAIN__main’:
/home/rhensen/param-bench/a.out.c:871:5: error: implicit declaration of function ‘SACf__MAIN__foo__i_1__i_1__i_1__i_1__i_1__i_1__i_1__i_1__i_1__i_1__i_1__i_1__i_1__i_1’ [-Werror=implicit-function-declaration]
  871 |     SAC_ND_FUNAP2( SACf__MAIN__foo__i_1__i_1__i_1__i_1__i_1__i_1__i_1__i_1__i_1__i_1__i_1__i_1,  SAC_ND_ARG_out( SAC_SET_NT_USG( FAG, (SACl_res, (SCL, (NHD, (NUQ, (INT, (GLO, (NON, (NOT, (INT, )))))))))), int), SAC_ND_ARG_in( SAC_SET_NT_USG( FAG, (SACp_emal_2847__flat_59, (AKS, (NHD, (NUQ, (INT, (GLO, (NON, (NOT, (INT, )))))))))), int), SAC_ND_ARG_in( SAC_SET_NT_USG( FAG, (SACp_emal_2847__flat_59, (AKS, (NHD, (NUQ, (INT, (GLO, (NON, (NOT, (INT, )))))))))), int), SAC_ND_ARG_in( SAC_SET_NT_USG( FAG, (SACp_emal_2847__flat_59, (AKS, (NHD, (NUQ, (INT, (GLO, (NON, (NOT, (INT, )))))))))), int), SAC_ND_ARG_in( SAC_SET_NT_USG( FAG, (SACp_emal_2847__flat_59, (AKS, (NHD, (NUQ, (INT, (GLO, (NON, (NOT, (INT, )))))))))), int), SAC_ND_ARG_in( SAC_SET_NT_USG( FAG, (SACp_emal_2847__flat_59, (AKS, (NHD, (NUQ, (INT, (GLO, (NON, (NOT, (INT, )))))))))), int), SAC_ND_ARG_in( SAC_SET_NT_USG( FAG, (SACp_emal_2847__flat_59, (AKS, (NHD, (NUQ, (INT, (GLO, (NON, (NOT, (INT, )))))))))), int), SAC_ND_ARG_in( SAC_SET_NT_USG( FAG, (SACp_emal_2847__flat_59, (AKS, (NHD, (NUQ, (INT, (GLO, (NON, (NOT, (INT, )))))))))), int), SAC_ND_ARG_in( SAC_SET_NT_USG( FAG, (SACp_emal_2847__flat_59, (AKS, (NHD, (NUQ, (INT, (GLO, (NON, (NOT, (INT, )))))))))), int), SAC_ND_ARG_in( SAC_SET_NT_USG( FAG, (SACp_emal_2847__flat_59, (AKS, (NHD, (NUQ, (INT, (GLO, (NON, (NOT, (INT, )))))))))), int), SAC_ND_ARG_in( SAC_SET_NT_USG( FAG, (SACp_emal_2847__flat_59, (AKS, (NHD, (NUQ, (INT, (GLO, (NON, (NOT, (INT, )))))))))), int), SAC_ND_ARG_in( SAC_SET_NT_USG( FAG, (SACp_emal_2847__flat_59, (AKS, (NHD, (NUQ, (INT, (GLO, (NON, (NOT, (INT, )))))))))), int), SAC_ND_ARG_in( SAC_SET_NT_USG( FAG, (SACp_emal_2847__flat_59, (AKS, (NHD, (NUQ, (INT, (GLO, (NON, (NOT, (INT, )))))))))), int))
      |     ^~~~~~~~~~~~~~~~~~~~~~~~~~~~~~~~~~~~~~~~~~~~~~~~~~~~~~~~~~~~~~~~~~~~~~~~~~~~~~~~~~~~~
/home/rhensen/param-bench/a.out.c: At top level:
/home/rhensen/param-bench/a.out.c:899:6: error: conflicting types for ‘SACf__MAIN__foo__i_1__i_1__i_1__i_1__i_1__i_1__i_1__i_1__i_1__i_1__i_1__i_1__i_1__i_1’; have ‘void(int *, int *, intptr_t *, int *, intptr_t *, int *, intptr_t *, int *, intptr_t *, int *, intptr_t *, int *, intptr_t *, int *, intptr_t *, int *, intptr_t *, int *, intptr_t *, int *, intptr_t *, int *, intptr_t *, int *, intptr_t *, int *, intptr_t *, int *, intptr_t *)’ {aka ‘void(int *, int *, long int *, int *, long int *, int *, long int *, int *, long int *, int *, long int *, int *, long int *, int *, long int *, int *, long int *, int *, long int *, int *, long int *, int *, long int *, int *, long int *, int *, long int *, int *, long int *)’} [-Werror]
  899 | SAC_ND_DEF_FUN_BEGIN2( SACf__MAIN__foo__i_1__i_1__i_1__i_1__i_1__i_1__i_1__i_1__i_1__i_1__i_1__i_1, void,  SAC_ND_PARAM_out( (SAC_arg_1, (SCL, (NHD, (NUQ, (INT, (GLO, (FPM, (NOT, (INT, ))))))))), int), SAC_ND_PARAM_in( (SACl_a, (AKS, (NHD, (NUQ, (INT, (GLO, (FPM, (NOT, (INT, ))))))))), int), SAC_ND_PARAM_in( (SACl_b, (AKS, (NHD, (NUQ, (INT, (GLO, (FPM, (NOT, (INT, ))))))))), int), SAC_ND_PARAM_in( (SACl_c, (AKS, (NHD, (NUQ, (INT, (GLO, (FPM, (NOT, (INT, ))))))))), int), SAC_ND_PARAM_in( (SACl_d, (AKS, (NHD, (NUQ, (INT, (GLO, (FPM, (NOT, (INT, ))))))))), int), SAC_ND_PARAM_in( (SACl_e, (AKS, (NHD, (NUQ, (INT, (GLO, (FPM, (NOT, (INT, ))))))))), int), SAC_ND_PARAM_in( (SACl_f, (AKS, (NHD, (NUQ, (INT, (GLO, (FPM, (NOT, (INT, ))))))))), int), SAC_ND_PARAM_in( (SACl_g, (AKS, (NHD, (NUQ, (INT, (GLO, (FPM, (NOT, (INT, ))))))))), int), SAC_ND_PARAM_in( (SACl_h, (AKS, (NHD, (NUQ, (INT, (GLO, (FPM, (NOT, (INT, ))))))))), int), SAC_ND_PARAM_in( (SACl_i, (AKS, (NHD, (NUQ, (INT, (GLO, (FPM, (NOT, (INT, ))))))))), int), SAC_ND_PARAM_in( (SACl_j, (AKS, (NHD, (NUQ, (INT, (GLO, (FPM, (NOT, (INT, ))))))))), int), SAC_ND_PARAM_in( (SACl_k, (AKS, (NHD, (NUQ, (INT, (GLO, (FPM, (NOT, (INT, ))))))))), int), SAC_ND_PARAM_in( (SACl_l, (AKS, (NHD, (NUQ, (INT, (GLO, (FPM, (NOT, (INT, ))))))))), int))
      |      ^~~~~~~~~~~~~~~~~~~~~~~~~~~~~~~~~~~~~~~~~~~~~~~~~~~~~~~~~~~~~~~~~~~~~~~~~~~~~~~~~~~~~
/home/rhensen/param-bench/a.out.c:871:5: note: previous implicit declaration of ‘SACf__MAIN__foo__i_1__i_1__i_1__i_1__i_1__i_1__i_1__i_1__i_1__i_1__i_1__i_1__i_1__i_1’ with type ‘void(int *, int *, intptr_t *, int *, intptr_t *, int *, intptr_t *, int *, intptr_t *, int *, intptr_t *, int *, intptr_t *, int *, intptr_t *, int *, intptr_t *, int *, intptr_t *, int *, intptr_t *, int *, intptr_t *, int *, intptr_t *, int *, intptr_t *, int *, intptr_t *)’ {aka ‘void(int *, int *, long int *, int *, long int *, int *, long int *, int *, long int *, int *, long int *, int *, long int *, int *, long int *, int *, long int *, int *, long int *, int *, long int *, int *, long int *, int *, long int *, int *, long int *, int *, long int *)’}
  871 |     SAC_ND_FUNAP2( SACf__MAIN__foo__i_1__i_1__i_1__i_1__i_1__i_1__i_1__i_1__i_1__i_1__i_1__i_1,  SAC_ND_ARG_out( SAC_SET_NT_USG( FAG, (SACl_res, (SCL, (NHD, (NUQ, (INT, (GLO, (NON, (NOT, (INT, )))))))))), int), SAC_ND_ARG_in( SAC_SET_NT_USG( FAG, (SACp_emal_2847__flat_59, (AKS, (NHD, (NUQ, (INT, (GLO, (NON, (NOT, (INT, )))))))))), int), SAC_ND_ARG_in( SAC_SET_NT_USG( FAG, (SACp_emal_2847__flat_59, (AKS, (NHD, (NUQ, (INT, (GLO, (NON, (NOT, (INT, )))))))))), int), SAC_ND_ARG_in( SAC_SET_NT_USG( FAG, (SACp_emal_2847__flat_59, (AKS, (NHD, (NUQ, (INT, (GLO, (NON, (NOT, (INT, )))))))))), int), SAC_ND_ARG_in( SAC_SET_NT_USG( FAG, (SACp_emal_2847__flat_59, (AKS, (NHD, (NUQ, (INT, (GLO, (NON, (NOT, (INT, )))))))))), int), SAC_ND_ARG_in( SAC_SET_NT_USG( FAG, (SACp_emal_2847__flat_59, (AKS, (NHD, (NUQ, (INT, (GLO, (NON, (NOT, (INT, )))))))))), int), SAC_ND_ARG_in( SAC_SET_NT_USG( FAG, (SACp_emal_2847__flat_59, (AKS, (NHD, (NUQ, (INT, (GLO, (NON, (NOT, (INT, )))))))))), int), SAC_ND_ARG_in( SAC_SET_NT_USG( FAG, (SACp_emal_2847__flat_59, (AKS, (NHD, (NUQ, (INT, (GLO, (NON, (NOT, (INT, )))))))))), int), SAC_ND_ARG_in( SAC_SET_NT_USG( FAG, (SACp_emal_2847__flat_59, (AKS, (NHD, (NUQ, (INT, (GLO, (NON, (NOT, (INT, )))))))))), int), SAC_ND_ARG_in( SAC_SET_NT_USG( FAG, (SACp_emal_2847__flat_59, (AKS, (NHD, (NUQ, (INT, (GLO, (NON, (NOT, (INT, )))))))))), int), SAC_ND_ARG_in( SAC_SET_NT_USG( FAG, (SACp_emal_2847__flat_59, (AKS, (NHD, (NUQ, (INT, (GLO, (NON, (NOT, (INT, )))))))))), int), SAC_ND_ARG_in( SAC_SET_NT_USG( FAG, (SACp_emal_2847__flat_59, (AKS, (NHD, (NUQ, (INT, (GLO, (NON, (NOT, (INT, )))))))))), int), SAC_ND_ARG_in( SAC_SET_NT_USG( FAG, (SACp_emal_2847__flat_59, (AKS, (NHD, (NUQ, (INT, (GLO, (NON, (NOT, (INT, )))))))))), int))
      |     ^~~~~~~~~~~~~~~~~~~~~~~~~~~~~~~~~~~~~~~~~~~~~~~~~~~~~~~~~~~~~~~~~~~~~~~~~~~~~~~~~~~~~
cc1: note: unrecognized command-line option ‘-Wno-unreachable-code-return’ may have been intended to silence earlier diagnostics
cc1: note: unrecognized command-line option ‘-Wno-use-after-free’ may have been intended to silence earlier diagnostics
cc1: all warnings being treated as errors
Abort:
  System failed to execute shell command
  /usr/bin/cc -O3 -ffast-math  -march=native -mtune=native  -pedantic -g -fPIC -D_POSIX_C_SOURCE=200809L -D_DEFAULT_SOURCE -D_SVID_SOURCE -D_BSD_SOURCE  -Wall -Wextra -Werror -Wno-free-nonheap-object -Wno-use-after-free -Wstrict-prototypes -Wno-unused-parameter -Wno-tautological-compare -Wno-unreachable-code-return -Wno-sign-compare -Wno-array-bounds -Wno-unused-but-set-variable  -Wno-unused-function -Wno-strict-overflow -Wimplicit-fallthrough=3 -Wno-format-truncation -pedantic -std=gnu99 -pedantic -Wno-unused -fno-builtin-malloc  -c -o /home/rhensen/param-bench/a.out.o /home/rhensen/param-bench/a.out.i
  with exit code 1
Compilation failed while Creating binary code.
Command exited with non-zero status 206
51656,7583220,cn132
14-param.sac,14,2,.385674394,/home/rhensen/param-bench/a.out.c:768:3: error: "7ool" after # is not a positive integer
  768 | 
      |   ^   
/home/rhensen/param-bench/a.out.c:767:1: error: redefinition of parameter ‘SACl_x’
  767 | SAC_ND_DECL_FUN2( SACf_sacprelude_p___AM_AM__bl__bl, void,  SAC_ND_PARAM_out( (SAC_arg_1, (SCL, (NHD, (NUQ, (INT, (GLO, (FPM, (NOT, (BOO, ))))))))), bool), SAC_ND_PARAM_in( (SACl_x, (SCL, (NHD, (NUQ, (INT, (GLO, (FPM, (NOT, (BOO, ))))))))), bool), SAC_ND_PARAM_in( (SACl_y, (SCL, (NHD, (NUQ, (INT, (GLO, (FPM, (NOT, (BOO, ))))))))), bool));
/home/rhensen/param-bench/a.out.c:767:1: note: previous definition of ‘SACl_x’ with type ‘_Bool’
  767 | SAC_ND_DECL_FUN2( SACf_sacprelude_p___AM_AM__bl__bl, void,  SAC_ND_PARAM_out( (SAC_arg_1, (SCL, (NHD, (NUQ, (INT, (GLO, (FPM, (NOT, (BOO, ))))))))), bool), SAC_ND_PARAM_in( (SACl_x, (SCL, (NHD, (NUQ, (INT, (GLO, (FPM, (NOT, (BOO, ))))))))), bool), SAC_ND_PARAM_in( (SACl_y, (SCL, (NHD, (NUQ, (INT, (GLO, (FPM, (NOT, (BOO, ))))))))), bool));
/home/rhensen/param-bench/a.out.c: In function ‘SACf__MAIN__main’:
/home/rhensen/param-bench/a.out.c:871:5: error: implicit declaration of function ‘SACf__MAIN__foo__i_1__i_1__i_1__i_1__i_1__i_1__i_1__i_1__i_1__i_1__i_1__i_1__i_1__i_1’; did you mean ‘SACf__MAIN__foo__i_1__i_1__i_1__i_1__i_1__i_1__i_1__i_1__i_1__i_1__i_1__i_1’? [-Werror=implicit-function-declaration]
  871 |     SAC_ND_FUNAP2( SACf__MAIN__foo__i_1__i_1__i_1__i_1__i_1__i_1__i_1__i_1__i_1__i_1__i_1__i_1,  SAC_ND_ARG_out( SAC_SET_NT_USG( FAG, (SACl_res, (SCL, (NHD, (NUQ, (INT, (GLO, (NON, (NOT, (INT, )))))))))), int), SAC_ND_ARG_in( SAC_SET_NT_USG( FAG, (SACp_emal_2847__flat_59, (AKS, (NHD, (NUQ, (INT, (GLO, (NON, (NOT, (INT, )))))))))), int), SAC_ND_ARG_in( SAC_SET_NT_USG( FAG, (SACp_emal_2847__flat_59, (AKS, (NHD, (NUQ, (INT, (GLO, (NON, (NOT, (INT, )))))))))), int), SAC_ND_ARG_in( SAC_SET_NT_USG( FAG, (SACp_emal_2847__flat_59, (AKS, (NHD, (NUQ, (INT, (GLO, (NON, (NOT, (INT, )))))))))), int), SAC_ND_ARG_in( SAC_SET_NT_USG( FAG, (SACp_emal_2847__flat_59, (AKS, (NHD, (NUQ, (INT, (GLO, (NON, (NOT, (INT, )))))))))), int), SAC_ND_ARG_in( SAC_SET_NT_USG( FAG, (SACp_emal_2847__flat_59, (AKS, (NHD, (NUQ, (INT, (GLO, (NON, (NOT, (INT, )))))))))), int), SAC_ND_ARG_in( SAC_SET_NT_USG( FAG, (SACp_emal_2847__flat_59, (AKS, (NHD, (NUQ, (INT, (GLO, (NON, (NOT, (INT, )))))))))), int), SAC_ND_ARG_in( SAC_SET_NT_USG( FAG, (SACp_emal_2847__flat_59, (AKS, (NHD, (NUQ, (INT, (GLO, (NON, (NOT, (INT, )))))))))), int), SAC_ND_ARG_in( SAC_SET_NT_USG( FAG, (SACp_emal_2847__flat_59, (AKS, (NHD, (NUQ, (INT, (GLO, (NON, (NOT, (INT, )))))))))), int), SAC_ND_ARG_in( SAC_SET_NT_USG( FAG, (SACp_emal_2847__flat_59, (AKS, (NHD, (NUQ, (INT, (GLO, (NON, (NOT, (INT, )))))))))), int), SAC_ND_ARG_in( SAC_SET_NT_USG( FAG, (SACp_emal_2847__flat_59, (AKS, (NHD, (NUQ, (INT, (GLO, (NON, (NOT, (INT, )))))))))), int), SAC_ND_ARG_in( SAC_SET_NT_USG( FAG, (SACp_emal_2847__flat_59, (AKS, (NHD, (NUQ, (INT, (GLO, (NON, (NOT, (INT, )))))))))), int), SAC_ND_ARG_in( SAC_SET_NT_USG( FAG, (SACp_emal_2847__flat_59, (AKS, (NHD, (NUQ, (INT, (GLO, (NON, (NOT, (INT, )))))))))), int))
      |     ^~~~~~~~~~~~~~~~~~~~~~~~~~~~~~~~~~~~~~~~~~~~~~~~~~~~~~~~~~~~~~~~~~~~~~~~~~~~~~~~~~~~~
      |     SACf__MAIN__foo__i_1__i_1__i_1__i_1__i_1__i_1__i_1__i_1__i_1__i_1__i_1__i_1
/home/rhensen/param-bench/a.out.c: At top level:
/home/rhensen/param-bench/a.out.c:899:6: error: conflicting types for ‘SACf__MAIN__foo__i_1__i_1__i_1__i_1__i_1__i_1__i_1__i_1__i_1__i_1__i_1__i_1__i_1__i_1’; have ‘void(int *, int *, intptr_t *, int *, intptr_t *, int *, intptr_t *, int *, intptr_t *, int *, intptr_t *, int *, intptr_t *, int *, intptr_t *, int *, intptr_t *, int *, intptr_t *, int *, intptr_t *, int *, intptr_t *, int *, intptr_t *, int *, intptr_t *, int *, intptr_t *)’ {aka ‘void(int *, int *, long int *, int *, long int *, int *, long int *, int *, long int *, int *, long int *, int *, long int *, int *, long int *, int *, long int *, int *, long int *, int *, long int *, int *, long int *, int *, long int *, int *, long int *, int *, long int *)’} [-Werror]
  899 | SAC_ND_DEF_FUN_BEGIN2( SACf__MAIN__foo__i_1__i_1__i_1__i_1__i_1__i_1__i_1__i_1__i_1__i_1__i_1__i_1, void,  SAC_ND_PARAM_out( (SAC_arg_1, (SCL, (NHD, (NUQ, (INT, (GLO, (FPM, (NOT, (INT, ))))))))), int), SAC_ND_PARAM_in( (SACl_a, (AKS, (NHD, (NUQ, (INT, (GLO, (FPM, (NOT, (INT, ))))))))), int), SAC_ND_PARAM_in( (SACl_b, (AKS, (NHD, (NUQ, (INT, (GLO, (FPM, (NOT, (INT, ))))))))), int), SAC_ND_PARAM_in( (SACl_c, (AKS, (NHD, (NUQ, (INT, (GLO, (FPM, (NOT, (INT, ))))))))), int), SAC_ND_PARAM_in( (SACl_d, (AKS, (NHD, (NUQ, (INT, (GLO, (FPM, (NOT, (INT, ))))))))), int), SAC_ND_PARAM_in( (SACl_e, (AKS, (NHD, (NUQ, (INT, (GLO, (FPM, (NOT, (INT, ))))))))), int), SAC_ND_PARAM_in( (SACl_f, (AKS, (NHD, (NUQ, (INT, (GLO, (FPM, (NOT, (INT, ))))))))), int), SAC_ND_PARAM_in( (SACl_g, (AKS, (NHD, (NUQ, (INT, (GLO, (FPM, (NOT, (INT, ))))))))), int), SAC_ND_PARAM_in( (SACl_h, (AKS, (NHD, (NUQ, (INT, (GLO, (FPM, (NOT, (INT, ))))))))), int), SAC_ND_PARAM_in( (SACl_i, (AKS, (NHD, (NUQ, (INT, (GLO, (FPM, (NOT, (INT, ))))))))), int), SAC_ND_PARAM_in( (SACl_j, (AKS, (NHD, (NUQ, (INT, (GLO, (FPM, (NOT, (INT, ))))))))), int), SAC_ND_PARAM_in( (SACl_k, (AKS, (NHD, (NUQ, (INT, (GLO, (FPM, (NOT, (INT, ))))))))), int), SAC_ND_PARAM_in( (SACl_l, (AKS, (NHD, (NUQ, (INT, (GLO, (FPM, (NOT, (INT, ))))))))), int))
      |      ^~~~~~~~~~~~~~~~~~~~~~~~~~~~~~~~~~~~~~~~~~~~~~~~~~~~~~~~~~~~~~~~~~~~~~~~~~~~~~~~~~~~~
/home/rhensen/param-bench/a.out.c:871:5: note: previous implicit declaration of ‘SACf__MAIN__foo__i_1__i_1__i_1__i_1__i_1__i_1__i_1__i_1__i_1__i_1__i_1__i_1__i_1__i_1’ with type ‘void(int *, int *, intptr_t *, int *, intptr_t *, int *, intptr_t *, int *, intptr_t *, int *, intptr_t *, int *, intptr_t *, int *, intptr_t *, int *, intptr_t *, int *, intptr_t *, int *, intptr_t *, int *, intptr_t *, int *, intptr_t *, int *, intptr_t *, int *, intptr_t *)’ {aka ‘void(int *, int *, long int *, int *, long int *, int *, long int *, int *, long int *, int *, long int *, int *, long int *, int *, long int *, int *, long int *, int *, long int *, int *, long int *, int *, long int *, int *, long int *, int *, long int *, int *, long int *)’}
  871 |     SAC_ND_FUNAP2( SACf__MAIN__foo__i_1__i_1__i_1__i_1__i_1__i_1__i_1__i_1__i_1__i_1__i_1__i_1,  SAC_ND_ARG_out( SAC_SET_NT_USG( FAG, (SACl_res, (SCL, (NHD, (NUQ, (INT, (GLO, (NON, (NOT, (INT, )))))))))), int), SAC_ND_ARG_in( SAC_SET_NT_USG( FAG, (SACp_emal_2847__flat_59, (AKS, (NHD, (NUQ, (INT, (GLO, (NON, (NOT, (INT, )))))))))), int), SAC_ND_ARG_in( SAC_SET_NT_USG( FAG, (SACp_emal_2847__flat_59, (AKS, (NHD, (NUQ, (INT, (GLO, (NON, (NOT, (INT, )))))))))), int), SAC_ND_ARG_in( SAC_SET_NT_USG( FAG, (SACp_emal_2847__flat_59, (AKS, (NHD, (NUQ, (INT, (GLO, (NON, (NOT, (INT, )))))))))), int), SAC_ND_ARG_in( SAC_SET_NT_USG( FAG, (SACp_emal_2847__flat_59, (AKS, (NHD, (NUQ, (INT, (GLO, (NON, (NOT, (INT, )))))))))), int), SAC_ND_ARG_in( SAC_SET_NT_USG( FAG, (SACp_emal_2847__flat_59, (AKS, (NHD, (NUQ, (INT, (GLO, (NON, (NOT, (INT, )))))))))), int), SAC_ND_ARG_in( SAC_SET_NT_USG( FAG, (SACp_emal_2847__flat_59, (AKS, (NHD, (NUQ, (INT, (GLO, (NON, (NOT, (INT, )))))))))), int), SAC_ND_ARG_in( SAC_SET_NT_USG( FAG, (SACp_emal_2847__flat_59, (AKS, (NHD, (NUQ, (INT, (GLO, (NON, (NOT, (INT, )))))))))), int), SAC_ND_ARG_in( SAC_SET_NT_USG( FAG, (SACp_emal_2847__flat_59, (AKS, (NHD, (NUQ, (INT, (GLO, (NON, (NOT, (INT, )))))))))), int), SAC_ND_ARG_in( SAC_SET_NT_USG( FAG, (SACp_emal_2847__flat_59, (AKS, (NHD, (NUQ, (INT, (GLO, (NON, (NOT, (INT, )))))))))), int), SAC_ND_ARG_in( SAC_SET_NT_USG( FAG, (SACp_emal_2847__flat_59, (AKS, (NHD, (NUQ, (INT, (GLO, (NON, (NOT, (INT, )))))))))), int), SAC_ND_ARG_in( SAC_SET_NT_USG( FAG, (SACp_emal_2847__flat_59, (AKS, (NHD, (NUQ, (INT, (GLO, (NON, (NOT, (INT, )))))))))), int), SAC_ND_ARG_in( SAC_SET_NT_USG( FAG, (SACp_emal_2847__flat_59, (AKS, (NHD, (NUQ, (INT, (GLO, (NON, (NOT, (INT, )))))))))), int))
      |     ^~~~~~~~~~~~~~~~~~~~~~~~~~~~~~~~~~~~~~~~~~~~~~~~~~~~~~~~~~~~~~~~~~~~~~~~~~~~~~~~~~~~~
cc1: note: unrecognized command-line option ‘-Wno-unreachable-code-return’ may have been intended to silence earlier diagnostics
cc1: note: unrecognized command-line option ‘-Wno-use-after-free’ may have been intended to silence earlier diagnostics
cc1: all warnings being treated as errors
Abort:
  System failed to execute shell command
  /usr/bin/cc -O3 -ffast-math  -march=native -mtune=native  -pedantic -g -fPIC -D_POSIX_C_SOURCE=200809L -D_DEFAULT_SOURCE -D_SVID_SOURCE -D_BSD_SOURCE  -Wall -Wextra -Werror -Wno-free-nonheap-object -Wno-use-after-free -Wstrict-prototypes -Wno-unused-parameter -Wno-tautological-compare -Wno-unreachable-code-return -Wno-sign-compare -Wno-array-bounds -Wno-unused-but-set-variable  -Wno-unused-function -Wno-strict-overflow -Wimplicit-fallthrough=3 -Wno-format-truncation -pedantic -std=gnu99 -pedantic -Wno-unused -fno-builtin-malloc  -c -o /home/rhensen/param-bench/a.out.o /home/rhensen/param-bench/a.out.i
  with exit code 1
Compilation failed while Creating binary code.
Command exited with non-zero status 206
51684,7583220,cn132
14-param.sac,14,3,.398766371,/home/rhensen/param-bench/a.out.c: In function ‘SACf__MAIN__foo__i_1__i_1__i_1__i_1__i_1__i_1__i_1__i_1__i_1__i_1__i_1__i_1’:
/home/rhensen/param-bench/a.out.c:1139:1117: error: ‘SAC’ undeclared (first use in this function)
 1139 |     SAC_ND_DEC_RC_FREE((SACl_i, (AKS, (NHD, (NUQ, (INT, (GLO, (FPM, (NOT, (INT, ))))))))), 1, )
      |                                                                                                                                                                                                                                                                                                                                                                                                                                                                                                                                                                                                                                                                                                                                                                                                                                                                                                                                                                                                                                                                                                                                                             ^  
/home/rhensen/param-bench/a.out.c:1139:1117: note: each undeclared identifier is reported only once for each function it appears in
/home/rhensen/param-bench/a.out.c:1139:1121: error: ‘data1’ undeclared (first use in this function)
 1139 |     SAC_ND_DEC_RC_FREE((SACl_i, (AKS, (NHD, (NUQ, (INT, (GLO, (FPM, (NOT, (INT, ))))))))), 1, )
      |                                                                                                                                                                                                                                                                                                                                                                                                                                                                                                                                                                                                                                                                                                                                                                                                                                                                                                                                                                                                                                                                                                                                                                 ^    
/home/rhensen/param-bench/a.out.c:1139:1144: error: expected ‘)’ before ‘{’ token
 1139 |     SAC_ND_DEC_RC_FREE((SACl_i, (AKS, (NHD, (NUQ, (INT, (GLO, (FPM, (NOT, (INT, ))))))))), 1, )
      |                                                                                                                                                                                                                                                                                                                                                                                                                                                                                                                                                                                                                                                                                                                                                                                                                                                                                                                                                                                                                                                                                                                                                                                        ^ 
      |                                                                                                                                                                                                                                                                                                                                                                                                                                                                                                                                                                                                                                                                                                                                                                                                                                                                                                                                                                                                                                                                                                                                                                                        )
/home/rhensen/param-bench/a.out.c:1139:1359: error: expected ‘)’ before ‘}’ token
 1139 |     SAC_ND_DEC_RC_FREE((SACl_i, (AKS, (NHD, (NUQ, (INT, (GLO, (FPM, (NOT, (INT, ))))))))), 1, )
      |                                                                                                                                                                                                                                                                                                                                                                                                                                                                                                                                                                                                                                                                                                                                                                                                                                                                                                                                                                                                                                                                                                                                                                                                                                                                                                                                                                                                               ^ 
      |                                                                                                                                                                                                                                                                                                                                                                                                                                                                                                                                                                                                                                                                                                                                                                                                                                                                                                                                                                                                                                                                                                                                                                                                                                                                                                                                                                                                               )
/home/rhensen/param-bench/a.out.c:1139:1359: error: expected ‘)’ before ‘}’ token
 1139 |     SAC_ND_DEC_RC_FREE((SACl_i, (AKS, (NHD, (NUQ, (INT, (GLO, (FPM, (NOT, (INT, ))))))))), 1, )
      |                                                                                                                                                                                                                                                                                                                                                                                                                                                                                                                                                                                                                                                                                                                                                                                                                                                                                                                                                                                                                                                                                                                                                                                                                                                                                                                                                                                                               ^ 
      |                                                                                                                                                                                                                                                                                                                                                                                                                                                                                                                                                                                                                                                                                                                                                                                                                                                                                                                                                                                                                                                                                                                                                                                                                                                                                                                                                                                                               )
/home/rhensen/param-bench/a.out.c:1139:1359: error: expected ‘;’ before ‘}’ token
 1139 |     SAC_ND_DEC_RC_FREE((SACl_i, (AKS, (NHD, (NUQ, (INT, (GLO, (FPM, (NOT, (INT, ))))))))), 1, )
      |                                                                                                                                                                                                                                                                                                                                                                                                                                                                                                                                                                                                                                                                                                                                                                                                                                                                                                                                                                                                                                                                                                                                                                                                                                                                                                                                                                                                               ^ 
      |                                                                                                                                                                                                                                                                                                                                                                                                                                                                                                                                                                                                                                                                                                                                                                                                                                                                                                                                                                                                                                                                                                                                                                                                                                                                                                                                                                                                               ;
/home/rhensen/param-bench/a.out.c:1139:2663: error: ‘else’ without a previous ‘if’
 1139 |     SAC_ND_DEC_RC_FREE((SACl_i, (AKS, (NHD, (NUQ, (INT, (GLO, (FPM, (NOT, (INT, ))))))))), 1, )
      |                                                                                                                                                                                                                                                                                                                                                                                                                                                                                                                                                                                                                                                                                                                                                                                                                                                                                                                                                                                                                                                                                                                                                                                                                                                                                                                                                                                                                                                                                                                                                                                                                                                                                                                                                                                                                                                                                                                                                                                                                                                                                                                                                                                                                                                                                                                                                                                                                                                                                                                                                                                                                                                                                                                                                                       ^   
/home/rhensen/param-bench/a.out.c:1153:7: error: ‘SACp_emal_3388__pinl_229__mose_74’ undeclared (first use in this function); did you mean ‘SACp_emal_3228__pinl_219__mose_74’?
 1153 |     SAC_ND_WRITE_READ_COPY( (SACp_emal_3228__pinl_219__mose_74, (SCL, (NHD, (NUQ, (INT, (GLO, (NON, (NOT, (INT, ))))))))), 0, (SACl_h, (AKS, (NHD, (NUQ, (INT, (GLO, (NON, (NOT, (INT, ))))))))), SAC_ND_READ( (SACp_emal_3233__flat_36, (SCL, (NHD, (NUQ, (INT, (GLO, (NON, (NOT, (INT, ))))))))), 0), )
      |       ^~~~~~~~~~~~~~~~~~~~~~~~~~~~~~~~~
      |       SACp_emal_3228__pinl_219__mose_74
/home/rhensen/param-bench/a.out.c:1153:52: error: ‘SACp_emal_3393__flat_42’ undeclared (first use in this function); did you mean ‘SACp_emal_3233__flat_36’?
 1153 |     SAC_ND_WRITE_READ_COPY( (SACp_emal_3228__pinl_219__mose_74, (SCL, (NHD, (NUQ, (INT, (GLO, (NON, (NOT, (INT, ))))))))), 0, (SACl_h, (AKS, (NHD, (NUQ, (INT, (GLO, (NON, (NOT, (INT, ))))))))), SAC_ND_READ( (SACp_emal_3233__flat_36, (SCL, (NHD, (NUQ, (INT, (GLO, (NON, (NOT, (INT, ))))))))), 0), )
      |                                                    ^~~~~~~~~~~~~~~~~~~~~~~
      |                                                    SACp_emal_3233__flat_36
/home/rhensen/param-bench/a.out.c:1169:7: error: ‘SACp_emal_3387__pinl_251__mose_74’ undeclared (first use in this function); did you mean ‘SACp_emal_3227__pinl_241__mose_74’?
 1169 |     SAC_ND_WRITE_READ_COPY( (SACp_emal_3227__pinl_241__mose_74, (SCL, (NHD, (NUQ, (INT, (GLO, (NON, (NOT, (INT, ))))))))), 0, (SACl_g, (AKS, (NHD, (NUQ, (INT, (GLO, (NON, (NOT, (INT, ))))))))), SAC_ND_READ( (SACp_emal_3233__flat_36, (SCL, (NHD, (NUQ, (INT, (GLO, (NON, (NOT, (INT, ))))))))), 0), )
      |       ^~~~~~~~~~~~~~~~~~~~~~~~~~~~~~~~~
      |       SACp_emal_3227__pinl_241__mose_74
/home/rhensen/param-bench/a.out.c:1185:7: error: ‘SACp_emal_3386__pinl_273__mose_74’ undeclared (first use in this function); did you mean ‘SACp_emal_3226__pinl_263__mose_74’?
 1185 |     SAC_ND_WRITE_READ_COPY( (SACp_emal_3226__pinl_263__mose_74, (SCL, (NHD, (NUQ, (INT, (GLO, (NON, (NOT, (INT, ))))))))), 0, (SACl_f, (AKS, (NHD, (NUQ, (INT, (GLO, (NON, (NOT, (INT, ))))))))), SAC_ND_READ( (SACp_emal_3233__flat_36, (SCL, (NHD, (NUQ, (INT, (GLO, (NON, (NOT, (INT, ))))))))), 0), )
      |       ^~~~~~~~~~~~~~~~~~~~~~~~~~~~~~~~~
      |       SACp_emal_3226__pinl_263__mose_74
/home/rhensen/param-bench/a.out.c:1201:7: error: ‘SACp_emal_3385__pinl_295__mose_74’ undeclared (first use in this function); did you mean ‘SACp_emal_3225__pinl_285__mose_74’?
 1201 |     SAC_ND_WRITE_READ_COPY( (SACp_emal_3225__pinl_285__mose_74, (SCL, (NHD, (NUQ, (INT, (GLO, (NON, (NOT, (INT, ))))))))), 0, (SACl_e, (AKS, (NHD, (NUQ, (INT, (GLO, (NON, (NOT, (INT, ))))))))), SAC_ND_READ( (SACp_emal_3233__flat_36, (SCL, (NHD, (NUQ, (INT, (GLO, (NON, (NOT, (INT, ))))))))), 0), )
      |       ^~~~~~~~~~~~~~~~~~~~~~~~~~~~~~~~~
      |       SACp_emal_3225__pinl_285__mose_74
/home/rhensen/param-bench/a.out.c:1217:7: error: ‘SACp_emal_3384__pinl_317__mose_74’ undeclared (first use in this function); did you mean ‘SACp_emal_3224__pinl_307__mose_74’?
 1217 |     SAC_ND_WRITE_READ_COPY( (SACp_emal_3224__pinl_307__mose_74, (SCL, (NHD, (NUQ, (INT, (GLO, (NON, (NOT, (INT, ))))))))), 0, (SACl_d, (AKS, (NHD, (NUQ, (INT, (GLO, (NON, (NOT, (INT, ))))))))), SAC_ND_READ( (SACp_emal_3233__flat_36, (SCL, (NHD, (NUQ, (INT, (GLO, (NON, (NOT, (INT, ))))))))), 0), )
      |       ^~~~~~~~~~~~~~~~~~~~~~~~~~~~~~~~~
      |       SACp_emal_3224__pinl_307__mose_74
/home/rhensen/param-bench/a.out.c:1233:7: error: ‘SACp_emal_3383__pinl_339__mose_74’ undeclared (first use in this function); did you mean ‘SACp_emal_3223__pinl_329__mose_74’?
 1233 |     SAC_ND_WRITE_READ_COPY( (SACp_emal_3223__pinl_329__mose_74, (SCL, (NHD, (NUQ, (INT, (GLO, (NON, (NOT, (INT, ))))))))), 0, (SACl_c, (AKS, (NHD, (NUQ, (INT, (GLO, (NON, (NOT, (INT, ))))))))), SAC_ND_READ( (SACp_emal_3233__flat_36, (SCL, (NHD, (NUQ, (INT, (GLO, (NON, (NOT, (INT, ))))))))), 0), )
      |       ^~~~~~~~~~~~~~~~~~~~~~~~~~~~~~~~~
      |       SACp_emal_3223__pinl_329__mose_74
/home/rhensen/param-bench/a.out.c:1249:7: error: ‘SACp_emal_3382__pinl_361__mose_74’ undeclared (first use in this function); did you mean ‘SACp_emal_3222__pinl_351__mose_74’?
 1249 |     SAC_ND_WRITE_READ_COPY( (SACp_emal_3222__pinl_351__mose_74, (SCL, (NHD, (NUQ, (INT, (GLO, (NON, (NOT, (INT, ))))))))), 0, (SACl_b, (AKS, (NHD, (NUQ, (INT, (GLO, (NON, (NOT, (INT, ))))))))), SAC_ND_READ( (SACp_emal_3233__flat_36, (SCL, (NHD, (NUQ, (INT, (GLO, (NON, (NOT, (INT, ))))))))), 0), )
      |       ^~~~~~~~~~~~~~~~~~~~~~~~~~~~~~~~~
      |       SACp_emal_3222__pinl_351__mose_74
/home/rhensen/param-bench/a.out.c:1265:7: error: ‘SACp_emal_3381__pinl_383__mose_74’ undeclared (first use in this function); did you mean ‘SACp_emal_3221__pinl_373__mose_74’?
 1265 |     SAC_ND_PRF_SxS__DATA((SACp_emal_3224__pinl_307__mose_74, (SCL, (NHD, (NUQ, (INT, (GLO, (NON, (NOT, (INT, ))))))))), T_int, SAC_ND_PRF_ADD, SAC_ND_READ((SACp_emal_3224__pinl_307__mose_74, (SCL, (NHD, (NUQ, (INT, (GLO, (NON, (NOT, (INT, ))))))))), 0), SAC_ND_READ((SACp_emal_3223__pinl_329__mose_74, (SCL, (NHD, (NUQ, (INT, (GLO, (NON, (NOT, (INT, ))))))))), 0))
      |       ^~~~~~~~~~~~~~~~~~~~~~~~~~~~~~~~~
      |       SACp_emal_3221__pinl_373__mose_74
/home/rhensen/param-bench/a.out.c:1281:7: error: ‘SACp_emal_3380__pinl_405__mose_74’ undeclared (first use in this function); did you mean ‘SACp_emal_3230__pinl_175__mose_74’?
 1281 |     SAC_ND_PRF_SxS__DATA((SACp_emal_3232__pinl_131__mose_74, (SCL, (NHD, (NUQ, (INT, (GLO, (NON, (NOT, (INT, ))))))))), T_int, SAC_ND_PRF_ADD, SAC_ND_READ((SACp_emal_3232__pinl_131__mose_74, (SCL, (NHD, (NUQ, (INT, (GLO, (NON, (NOT, (INT, ))))))))), 0), SAC_ND_READ((SACp_emal_3231__pinl_153__mose_74, (SCL, (NHD, (NUQ, (INT, (GLO, (NON, (NOT, (INT, ))))))))), 0))
      |       ^~~~~~~~~~~~~~~~~~~~~~~~~~~~~~~~~
      |       SACp_emal_3230__pinl_175__mose_74
/home/rhensen/param-bench/a.out.c:1289:7: error: ‘SACp_emal_3379__pinl_427__mose_74’ undeclared (first use in this function); did you mean ‘SACp_emal_3229__pinl_197__mose_74’?
 1289 |   }
      |       ^                                
      |       SACp_emal_3229__pinl_197__mose_74
/home/rhensen/param-bench/a.out.c:1311:11: error: ‘SACp_emal_3389__pinl_207__mose_74’ undeclared (first use in this function); did you mean ‘SACp_emal_3224__pinl_307__mose_74’?
 1311 |     SAC_ND_FREE((SACp_emal_3311__pinl_158__mose_74, (SCL, (NHD, (NUQ, (INT, (GLO, (NON, (NOT, (INT, ))))))))), )
      |           ^~~~~~~~~~~~~~~~~~~~~~~~~~~~~~~~~
      |           SACp_emal_3224__pinl_307__mose_74
/home/rhensen/param-bench/a.out.c:1313:11: error: ‘SACp_emal_3390__pinl_185__mose_74’ undeclared (first use in this function); did you mean ‘SACp_emal_3230__pinl_175__mose_74’?
 1313 |      * ND_FUN_RET( , 1, out, (SAC_arg_1, (SCL, (NHD, (NUQ, (INT, (GLO, (FPM, (NOT, (INT, ))))))))), (SACp_emal_3312__pinl_136__mose_74, (SCL, (NHD, (NUQ, (INT, (GLO, (NON, (NOT, (INT, ))))))))))
      |           ^~~~~~~~~~~~~~~~~~~~~~~~~~~~~~~~~
      |           SACp_emal_3230__pinl_175__mose_74
/home/rhensen/param-bench/a.out.c:1315:11: error: ‘SACp_emal_3391__pinl_163__mose_74’ undeclared (first use in this function); did you mean ‘SACp_emal_3231__pinl_153__mose_74’?
 1315 |     SAC_ND_RET_out( (SAC_arg_1, (SCL, (NHD, (NUQ, (INT, (GLO, (FPM, (NOT, (INT, ))))))))), (SACp_emal_3312__pinl_136__mose_74, (SCL, (NHD, (NUQ, (INT, (GLO, (NON, (NOT, (INT, ))))))))))
      |           ^~~~~~~~~~~~~~~~~~~~~~~~~~~~~~~~~
      |           SACp_emal_3231__pinl_153__mose_74
/home/rhensen/param-bench/a.out.c:1317:11: error: ‘SACp_emal_3392__pinl_141__mose_74’ undeclared (first use in this function); did you mean ‘SACp_emal_3232__pinl_131__mose_74’?
 1317 |     SAC_CLEANUP_LOCAL_MEM()
      |           ^~~~~~~~~~~~~~~~~                
      |           SACp_emal_3232__pinl_131__mose_74
/home/rhensen/param-bench/a.out.c:1332:1: error: ISO C forbids nested functions [-Werror=pedantic]
 1332 |   SAC_RTSPEC_SETUP_INITIAL(2, " -L /home/rhensen/sac2c/build_p/runtime_build/src/runtime_libraries-build/lib/prelude -T /home/rhensen/sac2c/build_p/runtime_build/src/runtime_libraries-build/lib/prelude -L /home/rhensen/Stdlib/build/lib -T /home/rhensen/Stdlib/build/lib 13-param.sac", "/home/rhensen/sac2c/build_p/sac2c_p");
      | ^ ~
/home/rhensen/param-bench/a.out.c:1332:5: error: ‘main’ is normally a non-static function [-Werror=main]
 1332 |   SAC_RTSPEC_SETUP_INITIAL(2, " -L /home/rhensen/sac2c/build_p/runtime_build/src/runtime_libraries-build/lib/prelude -T /home/rhensen/sac2c/build_p/runtime_build/src/runtime_libraries-build/lib/prelude -L /home/rhensen/Stdlib/build/lib -T /home/rhensen/Stdlib/build/lib 13-param.sac", "/home/rhensen/sac2c/build_p/sac2c_p");
      |     ^~~~
/home/rhensen/param-bench/a.out.c:1358:1: error: expected declaration or statement at end of input
/home/rhensen/param-bench/a.out.c:1358:1: error: expected declaration or statement at end of input
/home/rhensen/param-bench/a.out.c:1358:1: error: expected declaration or statement at end of input
/home/rhensen/param-bench/a.out.c: At top level:
cc1: note: unrecognized command-line option ‘-Wno-unreachable-code-return’ may have been intended to silence earlier diagnostics
cc1: note: unrecognized command-line option ‘-Wno-use-after-free’ may have been intended to silence earlier diagnostics
cc1: all warnings being treated as errors
Abort:
  System failed to execute shell command
  /usr/bin/cc -O3 -ffast-math  -march=native -mtune=native  -pedantic -g -fPIC -D_POSIX_C_SOURCE=200809L -D_DEFAULT_SOURCE -D_SVID_SOURCE -D_BSD_SOURCE  -Wall -Wextra -Werror -Wno-free-nonheap-object -Wno-use-after-free -Wstrict-prototypes -Wno-unused-parameter -Wno-tautological-compare -Wno-unreachable-code-return -Wno-sign-compare -Wno-array-bounds -Wno-unused-but-set-variable  -Wno-unused-function -Wno-strict-overflow -Wimplicit-fallthrough=3 -Wno-format-truncation -pedantic -std=gnu99 -pedantic -Wno-unused -fno-builtin-malloc  -c -o /home/rhensen/param-bench/a.out.o /home/rhensen/param-bench/a.out.i
  with exit code 1
Compilation failed while Creating binary code.
Command exited with non-zero status 206
51600,7583220,cn132
14-param.sac,14,4,.456478662,/usr/bin/ld: /usr/lib/gcc/x86_64-linux-gnu/11/../../../x86_64-linux-gnu/Scrt1.o: in function `_start':
(.text+0x1b): undefined reference to `main'
collect2: error: ld returned 1 exit status
Abort:
  System failed to execute shell command
  /usr/bin/cc  /home/rhensen/param-bench/a.out.o -Wl,-allow-shlib-undefined    -L/home/rhensen/sac2c/build_p/runtime_build/src/runtime_libraries-build/lib/prelude/host/seq -Wl,-rpath,/home/rhensen/sac2c/build_p/runtime_build/src/runtime_libraries-build/lib/prelude/host/seq -L/home/rhensen/Stdlib/build/lib/host/seq -Wl,-rpath,/home/rhensen/Stdlib/build/lib/host/seq -L/home/rhensen/sac2c/build_p/runtime_build/src/runtime_libraries-build/lib/host/seq -Wl,-rpath,/home/rhensen/sac2c/build_p/runtime_build/src/runtime_libraries-build/lib/host/seq -L/home/rhensen/sac2c/build_d/runtime_build/src/runtime_libraries-build/lib/prelude/host/seq -Wl,-rpath,/home/rhensen/sac2c/build_d/runtime_build/src/runtime_libraries-build/lib/prelude/host/seq  -lArrayMod -lArrayArithMod -lArrayReduceMod -lArrayTransformMod -lArrayTransformAplMod -lArrayBasicsMod -lScalarArithMod -lConstantsMod -lsacprelude_pMod  -L/usr/lib/x86_64-linux-gnu -Wl,-rpath,/usr/lib/x86_64-linux-gnu -L/usr/local/cuda/lib64 -Wl,-rpath,/usr/local/cuda/lib64  -lsac_p  -lsacphm_p   -lm -lhwloc -lcudart -lcublas -o /home/rhensen/param-bench/a.out
  with exit code 1
Compilation failed while Creating binary code.
Command exited with non-zero status 206
51700,7583220,cn132
14-param.sac,14,5,.400074672,/home/rhensen/param-bench/a.out.c: In function ‘SACf__MAIN__foo__i_1__i_1__i_1__i_1__i_1__i_1__i_1__i_1__i_1__i_1__i_1__i_1__i_1’:
/home/rhensen/param-bench/a.out.c:1153:786: error: ‘data1’ undeclared (first use in this function)
 1153 |     SAC_ND_DEC_RC_FREE((SACl_j, (AKS, (NHD, (NUQ, (INT, (GLO, (FPM, (NOT, (INT, ))))))))), 1, )
      |                                                                                                                                                                                                                                                                                                                                                                                                                                                                                                                                                                                                                                                                                                                                                                                                                  ^    
/home/rhensen/param-bench/a.out.c:1153:786: note: each undeclared identifier is reported only once for each function it appears in
/home/rhensen/param-bench/a.out.c:1153:798: error: expected expression before ‘->’ token
 1153 |     SAC_ND_DEC_RC_FREE((SACl_j, (AKS, (NHD, (NUQ, (INT, (GLO, (FPM, (NOT, (INT, ))))))))), 1, )
      |                                                                                                                                                                                                                                                                                                                                                                                                                                                                                                                                                                                                                                                                                                                                                                                                                              ^ 
/home/rhensen/param-bench/a.out.c:1153:808: error: expected statement before ‘)’ token
 1153 |     SAC_ND_DEC_RC_FREE((SACl_j, (AKS, (NHD, (NUQ, (INT, (GLO, (FPM, (NOT, (INT, ))))))))), 1, )
      |                                                                                                                                                                                                                                                                                                                                                                                                                                                                                                                                                                                                                                                                                                                                                                                                                                        ^
/home/rhensen/param-bench/a.out.c:1153:915: error: ‘else’ without a previous ‘if’
 1153 |     SAC_ND_DEC_RC_FREE((SACl_j, (AKS, (NHD, (NUQ, (INT, (GLO, (FPM, (NOT, (INT, ))))))))), 1, )
      |                                                                                                                                                                                                                                                                                                                                                                                                                                                                                                                                                                                                                                                                                                                                                                                                                                                                                                                                                   ^   
/home/rhensen/param-bench/a.out.c:1153:1027: error: ‘else’ without a previous ‘if’
 1153 |     SAC_ND_DEC_RC_FREE((SACl_j, (AKS, (NHD, (NUQ, (INT, (GLO, (FPM, (NOT, (INT, ))))))))), 1, )
      |                                                                                                                                                                                                                                                                                                                                                                                                                                                                                                                                                                                                                                                                                                                                                                                                                                                                                                                                                                                                                                                                   ^   
/home/rhensen/param-bench/a.out.c:1167:7: error: ‘SACp_emal_3388__pinl_229__mose_74’ undeclared (first use in this function); did you mean ‘SACp_emal_3308__pinl_224__mose_74’?
 1167 |     SAC_ND_WRITE_READ_COPY( (SACp_emal_3308__pinl_224__mose_74, (SCL, (NHD, (NUQ, (INT, (GLO, (NON, (NOT, (INT, ))))))))), 0, (SACl_i, (AKS, (NHD, (NUQ, (INT, (GLO, (NON, (NOT, (INT, ))))))))), SAC_ND_READ( (SACp_emal_3313__flat_39, (SCL, (NHD, (NUQ, (INT, (GLO, (NON, (NOT, (INT, ))))))))), 0), )
      |       ^~~~~~~~~~~~~~~~~~~~~~~~~~~~~~~~~
      |       SACp_emal_3308__pinl_224__mose_74
/home/rhensen/param-bench/a.out.c:1167:52: error: ‘SACp_emal_3393__flat_42’ undeclared (first use in this function); did you mean ‘SACp_emal_3313__flat_39’?
 1167 |     SAC_ND_WRITE_READ_COPY( (SACp_emal_3308__pinl_224__mose_74, (SCL, (NHD, (NUQ, (INT, (GLO, (NON, (NOT, (INT, ))))))))), 0, (SACl_i, (AKS, (NHD, (NUQ, (INT, (GLO, (NON, (NOT, (INT, ))))))))), SAC_ND_READ( (SACp_emal_3313__flat_39, (SCL, (NHD, (NUQ, (INT, (GLO, (NON, (NOT, (INT, ))))))))), 0), )
      |                                                    ^~~~~~~~~~~~~~~~~~~~~~~
      |                                                    SACp_emal_3313__flat_39
/home/rhensen/param-bench/a.out.c:1183:7: error: ‘SACp_emal_3387__pinl_251__mose_74’ undeclared (first use in this function); did you mean ‘SACp_emal_3307__pinl_246__mose_74’?
 1183 |     SAC_ND_WRITE_READ_COPY( (SACp_emal_3307__pinl_246__mose_74, (SCL, (NHD, (NUQ, (INT, (GLO, (NON, (NOT, (INT, ))))))))), 0, (SACl_h, (AKS, (NHD, (NUQ, (INT, (GLO, (NON, (NOT, (INT, ))))))))), SAC_ND_READ( (SACp_emal_3313__flat_39, (SCL, (NHD, (NUQ, (INT, (GLO, (NON, (NOT, (INT, ))))))))), 0), )
      |       ^~~~~~~~~~~~~~~~~~~~~~~~~~~~~~~~~
      |       SACp_emal_3307__pinl_246__mose_74
/home/rhensen/param-bench/a.out.c:1199:7: error: ‘SACp_emal_3386__pinl_273__mose_74’ undeclared (first use in this function); did you mean ‘SACp_emal_3306__pinl_268__mose_74’?
 1199 |     SAC_ND_WRITE_READ_COPY( (SACp_emal_3306__pinl_268__mose_74, (SCL, (NHD, (NUQ, (INT, (GLO, (NON, (NOT, (INT, ))))))))), 0, (SACl_g, (AKS, (NHD, (NUQ, (INT, (GLO, (NON, (NOT, (INT, ))))))))), SAC_ND_READ( (SACp_emal_3313__flat_39, (SCL, (NHD, (NUQ, (INT, (GLO, (NON, (NOT, (INT, ))))))))), 0), )
      |       ^~~~~~~~~~~~~~~~~~~~~~~~~~~~~~~~~
      |       SACp_emal_3306__pinl_268__mose_74
/home/rhensen/param-bench/a.out.c:1215:7: error: ‘SACp_emal_3385__pinl_295__mose_74’ undeclared (first use in this function); did you mean ‘SACp_emal_3305__pinl_290__mose_74’?
 1215 |     SAC_ND_WRITE_READ_COPY( (SACp_emal_3305__pinl_290__mose_74, (SCL, (NHD, (NUQ, (INT, (GLO, (NON, (NOT, (INT, ))))))))), 0, (SACl_f, (AKS, (NHD, (NUQ, (INT, (GLO, (NON, (NOT, (INT, ))))))))), SAC_ND_READ( (SACp_emal_3313__flat_39, (SCL, (NHD, (NUQ, (INT, (GLO, (NON, (NOT, (INT, ))))))))), 0), )
      |       ^~~~~~~~~~~~~~~~~~~~~~~~~~~~~~~~~
      |       SACp_emal_3305__pinl_290__mose_74
/home/rhensen/param-bench/a.out.c:1231:7: error: ‘SACp_emal_3384__pinl_317__mose_74’ undeclared (first use in this function); did you mean ‘SACp_emal_3304__pinl_312__mose_74’?
 1231 |     SAC_ND_WRITE_READ_COPY( (SACp_emal_3304__pinl_312__mose_74, (SCL, (NHD, (NUQ, (INT, (GLO, (NON, (NOT, (INT, ))))))))), 0, (SACl_e, (AKS, (NHD, (NUQ, (INT, (GLO, (NON, (NOT, (INT, ))))))))), SAC_ND_READ( (SACp_emal_3313__flat_39, (SCL, (NHD, (NUQ, (INT, (GLO, (NON, (NOT, (INT, ))))))))), 0), )
      |       ^~~~~~~~~~~~~~~~~~~~~~~~~~~~~~~~~
      |       SACp_emal_3304__pinl_312__mose_74
/home/rhensen/param-bench/a.out.c:1247:7: error: ‘SACp_emal_3383__pinl_339__mose_74’ undeclared (first use in this function); did you mean ‘SACp_emal_3303__pinl_334__mose_74’?
 1247 |     SAC_ND_WRITE_READ_COPY( (SACp_emal_3303__pinl_334__mose_74, (SCL, (NHD, (NUQ, (INT, (GLO, (NON, (NOT, (INT, ))))))))), 0, (SACl_d, (AKS, (NHD, (NUQ, (INT, (GLO, (NON, (NOT, (INT, ))))))))), SAC_ND_READ( (SACp_emal_3313__flat_39, (SCL, (NHD, (NUQ, (INT, (GLO, (NON, (NOT, (INT, ))))))))), 0), )
      |       ^~~~~~~~~~~~~~~~~~~~~~~~~~~~~~~~~
      |       SACp_emal_3303__pinl_334__mose_74
/home/rhensen/param-bench/a.out.c:1263:7: error: ‘SACp_emal_3382__pinl_361__mose_74’ undeclared (first use in this function); did you mean ‘SACp_emal_3302__pinl_356__mose_74’?
 1263 |     SAC_ND_WRITE_READ_COPY( (SACp_emal_3302__pinl_356__mose_74, (SCL, (NHD, (NUQ, (INT, (GLO, (NON, (NOT, (INT, ))))))))), 0, (SACl_c, (AKS, (NHD, (NUQ, (INT, (GLO, (NON, (NOT, (INT, ))))))))), SAC_ND_READ( (SACp_emal_3313__flat_39, (SCL, (NHD, (NUQ, (INT, (GLO, (NON, (NOT, (INT, ))))))))), 0), )
      |       ^~~~~~~~~~~~~~~~~~~~~~~~~~~~~~~~~
      |       SACp_emal_3302__pinl_356__mose_74
/home/rhensen/param-bench/a.out.c:1279:7: error: ‘SACp_emal_3381__pinl_383__mose_74’ undeclared (first use in this function); did you mean ‘SACp_emal_3301__pinl_378__mose_74’?
 1279 |     SAC_ND_WRITE_READ_COPY( (SACp_emal_3301__pinl_378__mose_74, (SCL, (NHD, (NUQ, (INT, (GLO, (NON, (NOT, (INT, ))))))))), 0, (SACl_b, (AKS, (NHD, (NUQ, (INT, (GLO, (NON, (NOT, (INT, ))))))))), SAC_ND_READ( (SACp_emal_3313__flat_39, (SCL, (NHD, (NUQ, (INT, (GLO, (NON, (NOT, (INT, ))))))))), 0), )
      |       ^~~~~~~~~~~~~~~~~~~~~~~~~~~~~~~~~
      |       SACp_emal_3301__pinl_378__mose_74
/home/rhensen/param-bench/a.out.c:1295:7: error: ‘SACp_emal_3380__pinl_405__mose_74’ undeclared (first use in this function); did you mean ‘SACp_emal_3300__pinl_400__mose_74’?
 1295 |     SAC_ND_PRF_SxS__DATA((SACp_emal_3303__pinl_334__mose_74, (SCL, (NHD, (NUQ, (INT, (GLO, (NON, (NOT, (INT, ))))))))), T_int, SAC_ND_PRF_ADD, SAC_ND_READ((SACp_emal_3303__pinl_334__mose_74, (SCL, (NHD, (NUQ, (INT, (GLO, (NON, (NOT, (INT, ))))))))), 0), SAC_ND_READ((SACp_emal_3302__pinl_356__mose_74, (SCL, (NHD, (NUQ, (INT, (GLO, (NON, (NOT, (INT, ))))))))), 0))
      |       ^~~~~~~~~~~~~~~~~~~~~~~~~~~~~~~~~
      |       SACp_emal_3300__pinl_400__mose_74
/home/rhensen/param-bench/a.out.c:1303:7: error: ‘SACp_emal_3379__pinl_427__mose_74’ undeclared (first use in this function); did you mean ‘SACp_emal_3300__pinl_400__mose_74’?
 1303 |     SAC_ND_PRF_SxS__DATA((SACp_emal_3307__pinl_246__mose_74, (SCL, (NHD, (NUQ, (INT, (GLO, (NON, (NOT, (INT, ))))))))), T_int, SAC_ND_PRF_ADD, SAC_ND_READ((SACp_emal_3307__pinl_246__mose_74, (SCL, (NHD, (NUQ, (INT, (GLO, (NON, (NOT, (INT, ))))))))), 0), SAC_ND_READ((SACp_emal_3306__pinl_268__mose_74, (SCL, (NHD, (NUQ, (INT, (GLO, (NON, (NOT, (INT, ))))))))), 0))
      |       ^~~~~~~~~~~~~~~~~~~~~~~~~~~~~~~~~
      |       SACp_emal_3300__pinl_400__mose_74
/home/rhensen/param-bench/a.out.c:1325:11: error: ‘SACp_emal_3389__pinl_207__mose_74’ undeclared (first use in this function); did you mean ‘SACp_emal_3309__pinl_202__mose_74’?
 1325 | }
      |           ^                                
      |           SACp_emal_3309__pinl_202__mose_74
/home/rhensen/param-bench/a.out.c:1327:11: error: ‘SACp_emal_3390__pinl_185__mose_74’ undeclared (first use in this function); did you mean ‘SACp_emal_3310__pinl_180__mose_74’?
 1327 | 
      |           ^                                
      |           SACp_emal_3310__pinl_180__mose_74
/home/rhensen/param-bench/a.out.c:1329:11: error: ‘SACp_emal_3391__pinl_163__mose_74’ undeclared (first use in this function); did you mean ‘SACp_emal_3311__pinl_158__mose_74’?
 1329 | {
      |           ^                                
      |           SACp_emal_3311__pinl_158__mose_74
/home/rhensen/param-bench/a.out.c:1331:11: error: ‘SACp_emal_3392__pinl_141__mose_74’ undeclared (first use in this function); did you mean ‘SACp_emal_3312__pinl_136__mose_74’?
 1331 |   SAC_ND_DECL__DESC( (SAC_res, (SCL, (NHD, (NUQ, (INT, (GLO, (NON, (NOT, (INT, ))))))))), )
      |           ^~~~~~~~~~~~~~~~~~~~~~~~~~~~~~~~~
      |           SACp_emal_3312__pinl_136__mose_74
/home/rhensen/param-bench/a.out.c: At top level:
cc1: note: unrecognized command-line option ‘-Wno-unreachable-code-return’ may have been intended to silence earlier diagnostics
cc1: note: unrecognized command-line option ‘-Wno-use-after-free’ may have been intended to silence earlier diagnostics
Abort:
  System failed to execute shell command
  /usr/bin/cc -O3 -ffast-math  -march=native -mtune=native  -pedantic -g -fPIC -D_POSIX_C_SOURCE=200809L -D_DEFAULT_SOURCE -D_SVID_SOURCE -D_BSD_SOURCE  -Wall -Wextra -Werror -Wno-free-nonheap-object -Wno-use-after-free -Wstrict-prototypes -Wno-unused-parameter -Wno-tautological-compare -Wno-unreachable-code-return -Wno-sign-compare -Wno-array-bounds -Wno-unused-but-set-variable  -Wno-unused-function -Wno-strict-overflow -Wimplicit-fallthrough=3 -Wno-format-truncation -pedantic -std=gnu99 -pedantic -Wno-unused -fno-builtin-malloc  -c -o /home/rhensen/param-bench/a.out.o /home/rhensen/param-bench/a.out.i
  with exit code 1
Compilation failed while Creating binary code.
Command exited with non-zero status 206
51544,7583220,cn132
14-param.sac,14,6,.487330206,51652,7583220,cn132
14-param.sac,14,7,.486547343,51504,7583220,cn132
14-param.sac,14,8,.482653820,51660,7583220,cn132
14-param.sac,14,9,.473666773,51452,7583220,cn132
14-param.sac,14,10,.469426047,51656,7583220,cn132
